Time : 13:58:15.4673 
Message : 
ErrorPath : /Home/MerchantSettings
RawUrl : /Home/MerchantSettings
Message : Object reference not set to an instance of an object.
Source : MerchantService.Core
StackTrace :    at MerchantService.Core.Global.MerchantContext.InitializeMerchantContext() in D:\MerchantService\Source\MerchantService.Web\MerchantService.Core\Global\MerchantContext.cs:line 61
TargetSite : Void InitializeMerchantContext() 
----------------------------------------------------------------------------------------------------------------------------------------------------------------

Time : 13:58:15.5492 
Message : 
ErrorPath : /Home/MerchantSettings
RawUrl : /Home/MerchantSettings
Message : Object reference not set to an instance of an object.
Source : MerchantService.Core
StackTrace :    at MerchantService.Core.Global.MerchantContext.InitializeMerchantContext() in D:\MerchantService\Source\MerchantService.Web\MerchantService.Core\Global\MerchantContext.cs:line 68
   at MerchantService.Core.Global.MerchantContext..ctor(IErrorLog _errorLog, IMerchantDataRepository _merchantDataRepository) in D:\MerchantService\Source\MerchantService.Web\MerchantService.Core\Global\MerchantContext.cs:line 29
   at MerchantService.Core.Controllers.HomeController.get_MerchantContext() in D:\MerchantService\Source\MerchantService.Web\MerchantService.Core\Controllers\HomeController.cs:line 68
   at MerchantService.Core.Controllers.HomeController.MerchantSettings() in D:\MerchantService\Source\MerchantService.Web\MerchantService.Core\Controllers\HomeController.cs:line 82
TargetSite : Void InitializeMerchantContext() 
----------------------------------------------------------------------------------------------------------------------------------------------------------------

Time : 13:58:16.6923 
Message : Object reference not set to an instance of an object. 
----------------------------------------------------------------------------------------------------------------------------------------------------------------

Time : 13:58:44.2993 
Message : 
ErrorPath : /api/supplierprofile/getsupplierprofilelist
RawUrl : /api/supplierprofile/getsupplierprofilelist
Message : Object reference not set to an instance of an object.
Source : MerchantService.Core
StackTrace :    at MerchantService.Core.Global.MerchantContext.InitializeMerchantContext() in D:\MerchantService\Source\MerchantService.Web\MerchantService.Core\Global\MerchantContext.cs:line 61
TargetSite : Void InitializeMerchantContext() 
----------------------------------------------------------------------------------------------------------------------------------------------------------------

Time : 14:07:05.1871 
Message : 
ErrorPath : /api/supplierprofile/getsuppliertypelist
RawUrl : /api/supplierprofile/getsuppliertypelist
Message : Object reference not set to an instance of an object.
Source : MerchantService.Core
StackTrace :    at MerchantService.Core.Global.MerchantContext.InitializeMerchantContext() in D:\MerchantService\Source\MerchantService.Web\MerchantService.Core\Global\MerchantContext.cs:line 61
TargetSite : Void InitializeMerchantContext() 
----------------------------------------------------------------------------------------------------------------------------------------------------------------

