Time : 08:48:20.7143 
Message : An item with the same key has already been added. 
----------------------------------------------------------------------------------------------------------------------------------------------------------------

Time : 10:51:32.1717 
Message : 
ErrorPath : /api/supplierpo/updatespo
RawUrl : /api/supplierpo/updatespo
Message : Sequence contains no elements
Source : System.Core
StackTrace :    at System.Linq.Enumerable.Last[TSource](IEnumerable`1 source)
   at MerchantService.Repository.Modules.WorkFlow.WorkFlowDetailsRepository.CheckLastActionPerform(Int32 recordId, String actionName, Int32 roleId) in D:\MerchantService\Source\MerchantService.Web\MerchantService.Repository\Modules\WorkFlow\WorkFlowDetailsRepository.cs:line 881
TargetSite : TSource Last[TSource](System.Collections.Generic.IEnumerable`1[TSource]) 
----------------------------------------------------------------------------------------------------------------------------------------------------------------

Time : 10:51:32.1877 
Message : 
ErrorPath : /api/supplierpo/updatespo
RawUrl : /api/supplierpo/updatespo
Message : Sequence contains no elements
Source : System.Core
StackTrace :    at System.Linq.Enumerable.Last[TSource](IEnumerable`1 source)
   at MerchantService.Repository.Modules.WorkFlow.WorkFlowDetailsRepository.CheckLastActionPerform(Int32 recordId, String actionName, Int32 roleId) in D:\MerchantService\Source\MerchantService.Web\MerchantService.Repository\Modules\WorkFlow\WorkFlowDetailsRepository.cs:line 890
   at MerchantService.Core.Controllers.SupplierPO.SupplierPOController.UpdateSPO(SupplierPOAC supplierPO) in D:\MerchantService\Source\MerchantService.Web\MerchantService.Core\Controllers\SupplierPO\SupplierPOController.cs:line 167
TargetSite : TSource Last[TSource](System.Collections.Generic.IEnumerable`1[TSource]) 
----------------------------------------------------------------------------------------------------------------------------------------------------------------

Time : 10:51:52.5894 
Message : Sequence contains no elements 
----------------------------------------------------------------------------------------------------------------------------------------------------------------

Time : 10:54:05.7649 
Message : 
ErrorPath : /api/supplierpo/updatespo
RawUrl : /api/supplierpo/updatespo
Message : Sequence contains no elements
Source : System.Core
StackTrace :    at System.Linq.Enumerable.Last[TSource](IEnumerable`1 source)
   at MerchantService.Repository.Modules.WorkFlow.WorkFlowDetailsRepository.CheckLastActionPerform(Int32 recordId, String actionName, Int32 roleId) in D:\MerchantService\Source\MerchantService.Web\MerchantService.Repository\Modules\WorkFlow\WorkFlowDetailsRepository.cs:line 881
TargetSite : TSource Last[TSource](System.Collections.Generic.IEnumerable`1[TSource]) 
----------------------------------------------------------------------------------------------------------------------------------------------------------------

Time : 10:54:05.7649 
Message : 
ErrorPath : /api/supplierpo/updatespo
RawUrl : /api/supplierpo/updatespo
Message : Sequence contains no elements
Source : System.Core
StackTrace :    at System.Linq.Enumerable.Last[TSource](IEnumerable`1 source)
   at MerchantService.Repository.Modules.WorkFlow.WorkFlowDetailsRepository.CheckLastActionPerform(Int32 recordId, String actionName, Int32 roleId) in D:\MerchantService\Source\MerchantService.Web\MerchantService.Repository\Modules\WorkFlow\WorkFlowDetailsRepository.cs:line 890
   at MerchantService.Core.Controllers.SupplierPO.SupplierPOController.UpdateSPO(SupplierPOAC supplierPO) in D:\MerchantService\Source\MerchantService.Web\MerchantService.Core\Controllers\SupplierPO\SupplierPOController.cs:line 167
TargetSite : TSource Last[TSource](System.Collections.Generic.IEnumerable`1[TSource]) 
----------------------------------------------------------------------------------------------------------------------------------------------------------------

Time : 10:56:18.6220 
Message : Sequence contains no elements 
----------------------------------------------------------------------------------------------------------------------------------------------------------------

Time : 10:57:05.9470 
Message : 
ErrorPath : /api/supplierpo/updatespo
RawUrl : /api/supplierpo/updatespo
Message : Sequence contains no elements
Source : System.Core
StackTrace :    at System.Linq.Enumerable.Last[TSource](IEnumerable`1 source)
   at MerchantService.Repository.Modules.WorkFlow.WorkFlowDetailsRepository.CheckLastActionPerform(Int32 recordId, String actionName, Int32 roleId) in D:\MerchantService\Source\MerchantService.Web\MerchantService.Repository\Modules\WorkFlow\WorkFlowDetailsRepository.cs:line 881
TargetSite : TSource Last[TSource](System.Collections.Generic.IEnumerable`1[TSource]) 
----------------------------------------------------------------------------------------------------------------------------------------------------------------

Time : 10:57:05.9570 
Message : 
ErrorPath : /api/supplierpo/updatespo
RawUrl : /api/supplierpo/updatespo
Message : Sequence contains no elements
Source : System.Core
StackTrace :    at System.Linq.Enumerable.Last[TSource](IEnumerable`1 source)
   at MerchantService.Repository.Modules.WorkFlow.WorkFlowDetailsRepository.CheckLastActionPerform(Int32 recordId, String actionName, Int32 roleId) in D:\MerchantService\Source\MerchantService.Web\MerchantService.Repository\Modules\WorkFlow\WorkFlowDetailsRepository.cs:line 890
   at MerchantService.Core.Controllers.SupplierPO.SupplierPOController.UpdateSPO(SupplierPOAC supplierPO) in D:\MerchantService\Source\MerchantService.Web\MerchantService.Core\Controllers\SupplierPO\SupplierPOController.cs:line 167
TargetSite : TSource Last[TSource](System.Collections.Generic.IEnumerable`1[TSource]) 
----------------------------------------------------------------------------------------------------------------------------------------------------------------

Time : 10:57:15.8153 
Message : Sequence contains no elements 
----------------------------------------------------------------------------------------------------------------------------------------------------------------

Time : 11:18:32.2312 
Message : The provided anti-forgery token was meant for a different claims-based user than the current user. 
----------------------------------------------------------------------------------------------------------------------------------------------------------------

Time : 14:59:29.0273 
Message : The provided anti-forgery token was meant for a different claims-based user than the current user. 
----------------------------------------------------------------------------------------------------------------------------------------------------------------

