Time : 13:52:10.8608 
Message : 
ErrorPath : /Home/MerchantSettings
RawUrl : /Home/MerchantSettings
Message : Object reference not set to an instance of an object.
Source : MerchantService.Core
StackTrace :    at MerchantService.Core.Global.MerchantContext.InitializeMerchantContext() in D:\MerchantService\Source\MerchantService.Web\MerchantService.Core\Global\MerchantContext.cs:line 61
TargetSite : Void InitializeMerchantContext() 
----------------------------------------------------------------------------------------------------------------------------------------------------------------

Time : 13:52:10.9048 
Message : 
ErrorPath : /Home/MerchantSettings
RawUrl : /Home/MerchantSettings
Message : Object reference not set to an instance of an object.
Source : MerchantService.Core
StackTrace :    at MerchantService.Core.Global.MerchantContext.InitializeMerchantContext() in D:\MerchantService\Source\MerchantService.Web\MerchantService.Core\Global\MerchantContext.cs:line 68
   at MerchantService.Core.Global.MerchantContext..ctor(IErrorLog _errorLog, IMerchantDataRepository _merchantDataRepository) in D:\MerchantService\Source\MerchantService.Web\MerchantService.Core\Global\MerchantContext.cs:line 29
   at MerchantService.Core.Controllers.HomeController.get_MerchantContext() in D:\MerchantService\Source\MerchantService.Web\MerchantService.Core\Controllers\HomeController.cs:line 68
   at MerchantService.Core.Controllers.HomeController.MerchantSettings() in D:\MerchantService\Source\MerchantService.Web\MerchantService.Core\Controllers\HomeController.cs:line 82
TargetSite : Void InitializeMerchantContext() 
----------------------------------------------------------------------------------------------------------------------------------------------------------------

Time : 13:52:17.0745 
Message : Object reference not set to an instance of an object. 
----------------------------------------------------------------------------------------------------------------------------------------------------------------

Time : 14:15:56.7968 
Message : An item with the same key has already been added. 
----------------------------------------------------------------------------------------------------------------------------------------------------------------

Time : 14:23:33.4227 
Message : An item with the same key has already been added. 
----------------------------------------------------------------------------------------------------------------------------------------------------------------

