Time : 09:41:49.4960 
Message : Application Started Login Controller 
----------------------------------------------------------------------------------------------------------------------------------------------------------------

Time : 09:44:30.5528 
Message : Application Started Login Controller 
----------------------------------------------------------------------------------------------------------------------------------------------------------------

Time : 09:44:52.5637 
Message : Application Loaded 
----------------------------------------------------------------------------------------------------------------------------------------------------------------

Time : 09:44:55.9298 
Message : IntializedMerchantContext called 
----------------------------------------------------------------------------------------------------------------------------------------------------------------

Time : 09:45:02.6672 
Message : Application Started Login Controller 
----------------------------------------------------------------------------------------------------------------------------------------------------------------

Time : 09:45:11.2556 
Message : Application Loaded 
----------------------------------------------------------------------------------------------------------------------------------------------------------------

Time : 09:45:12.3626 
Message : IntializedMerchantContext called 
----------------------------------------------------------------------------------------------------------------------------------------------------------------

Time : 09:45:28.8772 
Message : Application Started Login Controller 
----------------------------------------------------------------------------------------------------------------------------------------------------------------

Time : 09:45:37.5781 
Message : Application Loaded 
----------------------------------------------------------------------------------------------------------------------------------------------------------------

Time : 09:45:38.6968 
Message : IntializedMerchantContext called 
----------------------------------------------------------------------------------------------------------------------------------------------------------------

Time : 09:46:35.9074 
Message : IntializedMerchantContext called 
----------------------------------------------------------------------------------------------------------------------------------------------------------------

Time : 09:46:36.9565 
Message : IntializedMerchantContext called 
----------------------------------------------------------------------------------------------------------------------------------------------------------------

Time : 09:46:37.7547 
Message : IntializedMerchantContext called 
----------------------------------------------------------------------------------------------------------------------------------------------------------------

Time : 09:46:53.6417 
Message : IntializedMerchantContext called 
----------------------------------------------------------------------------------------------------------------------------------------------------------------

Time : 09:46:54.3911 
Message : IntializedMerchantContext called 
----------------------------------------------------------------------------------------------------------------------------------------------------------------

Time : 09:47:56.7407 
Message : IntializedMerchantContext called 
----------------------------------------------------------------------------------------------------------------------------------------------------------------

Time : 09:47:57.5498 
Message : IntializedMerchantContext called 
----------------------------------------------------------------------------------------------------------------------------------------------------------------

Time : 09:47:58.3115 
Message : IntializedMerchantContext called 
----------------------------------------------------------------------------------------------------------------------------------------------------------------

Time : 09:48:00.3886 
Message : IntializedMerchantContext called 
----------------------------------------------------------------------------------------------------------------------------------------------------------------

Time : 09:48:01.1815 
Message : IntializedMerchantContext called 
----------------------------------------------------------------------------------------------------------------------------------------------------------------

Time : 09:48:04.5245 
Message : IntializedMerchantContext called 
----------------------------------------------------------------------------------------------------------------------------------------------------------------

Time : 09:48:09.5000 
Message : IntializedMerchantContext called 
----------------------------------------------------------------------------------------------------------------------------------------------------------------

Time : 09:49:22.4330 
Message : IntializedMerchantContext called 
----------------------------------------------------------------------------------------------------------------------------------------------------------------

Time : 09:49:23.2208 
Message : IntializedMerchantContext called 
----------------------------------------------------------------------------------------------------------------------------------------------------------------

Time : 09:49:23.9279 
Message : IntializedMerchantContext called 
----------------------------------------------------------------------------------------------------------------------------------------------------------------

Time : 09:49:30.5442 
Message : IntializedMerchantContext called 
----------------------------------------------------------------------------------------------------------------------------------------------------------------

Time : 09:49:31.5536 
Message : IntializedMerchantContext called 
----------------------------------------------------------------------------------------------------------------------------------------------------------------

Time : 09:49:33.9982 
Message : IntializedMerchantContext called 
----------------------------------------------------------------------------------------------------------------------------------------------------------------

Time : 09:49:35.0127 
Message : IntializedMerchantContext called 
----------------------------------------------------------------------------------------------------------------------------------------------------------------

Time : 09:49:36.0680 
Message : IntializedMerchantContext called 
----------------------------------------------------------------------------------------------------------------------------------------------------------------

Time : 09:49:43.9820 
Message : IntializedMerchantContext called 
----------------------------------------------------------------------------------------------------------------------------------------------------------------

Time : 09:49:45.0097 
Message : IntializedMerchantContext called 
----------------------------------------------------------------------------------------------------------------------------------------------------------------

Time : 09:49:51.8729 
Message : IntializedMerchantContext called 
----------------------------------------------------------------------------------------------------------------------------------------------------------------

Time : 09:49:52.9078 
Message : IntializedMerchantContext called 
----------------------------------------------------------------------------------------------------------------------------------------------------------------

Time : 09:49:53.8985 
Message : IntializedMerchantContext called 
----------------------------------------------------------------------------------------------------------------------------------------------------------------

Time : 09:50:12.5233 
Message : IntializedMerchantContext called 
----------------------------------------------------------------------------------------------------------------------------------------------------------------

Time : 09:50:13.5566 
Message : IntializedMerchantContext called 
----------------------------------------------------------------------------------------------------------------------------------------------------------------

Time : 09:50:16.9900 
Message : IntializedMerchantContext called 
----------------------------------------------------------------------------------------------------------------------------------------------------------------

Time : 09:50:18.0274 
Message : IntializedMerchantContext called 
----------------------------------------------------------------------------------------------------------------------------------------------------------------

Time : 09:50:19.0099 
Message : IntializedMerchantContext called 
----------------------------------------------------------------------------------------------------------------------------------------------------------------

Time : 10:16:34.8829 
Message : IntializedMerchantContext called 
----------------------------------------------------------------------------------------------------------------------------------------------------------------

Time : 10:17:11.9476 
Message : IntializedMerchantContext called 
----------------------------------------------------------------------------------------------------------------------------------------------------------------

Time : 10:17:22.5026 
Message : IntializedMerchantContext called 
----------------------------------------------------------------------------------------------------------------------------------------------------------------

Time : 10:17:23.4639 
Message : IntializedMerchantContext called 
----------------------------------------------------------------------------------------------------------------------------------------------------------------

Time : 10:17:29.9945 
Message : IntializedMerchantContext called 
----------------------------------------------------------------------------------------------------------------------------------------------------------------

Time : 10:17:34.8738 
Message : IntializedMerchantContext called 
----------------------------------------------------------------------------------------------------------------------------------------------------------------

Time : 11:32:20.8551 
Message : IntializedMerchantContext called 
----------------------------------------------------------------------------------------------------------------------------------------------------------------

Time : 11:32:40.1828 
Message : IntializedMerchantContext called 
----------------------------------------------------------------------------------------------------------------------------------------------------------------

Time : 11:32:40.1868 
Message : IntializedMerchantContext called 
----------------------------------------------------------------------------------------------------------------------------------------------------------------

Time : 11:32:40.8814 
Message : IntializedMerchantContext called 
----------------------------------------------------------------------------------------------------------------------------------------------------------------

Time : 11:32:41.6525 
Message : IntializedMerchantContext called 
----------------------------------------------------------------------------------------------------------------------------------------------------------------

Time : 11:33:35.2700 
Message : IntializedMerchantContext called 
----------------------------------------------------------------------------------------------------------------------------------------------------------------

Time : 11:33:37.8465 
Message : IntializedMerchantContext called 
----------------------------------------------------------------------------------------------------------------------------------------------------------------

Time : 11:33:55.2363 
Message : IntializedMerchantContext called 
----------------------------------------------------------------------------------------------------------------------------------------------------------------

Time : 15:10:07.8543 
Message : Application Started Login Controller 
----------------------------------------------------------------------------------------------------------------------------------------------------------------

Time : 15:10:16.6362 
Message : Application Loaded 
----------------------------------------------------------------------------------------------------------------------------------------------------------------

Time : 15:10:19.4111 
Message : IntializedMerchantContext called 
----------------------------------------------------------------------------------------------------------------------------------------------------------------

Time : 15:10:35.0065 
Message : IntializedMerchantContext called 
----------------------------------------------------------------------------------------------------------------------------------------------------------------

Time : 15:10:35.8221 
Message : IntializedMerchantContext called 
----------------------------------------------------------------------------------------------------------------------------------------------------------------

Time : 15:10:41.3451 
Message : IntializedMerchantContext called 
----------------------------------------------------------------------------------------------------------------------------------------------------------------

Time : 15:11:34.6643 
Message : IntializedMerchantContext called 
----------------------------------------------------------------------------------------------------------------------------------------------------------------

Time : 15:11:35.6932 
Message : IntializedMerchantContext called 
----------------------------------------------------------------------------------------------------------------------------------------------------------------

Time : 15:11:38.1368 
Message : IntializedMerchantContext called 
----------------------------------------------------------------------------------------------------------------------------------------------------------------

Time : 15:11:51.6668 
Message : IntializedMerchantContext called 
----------------------------------------------------------------------------------------------------------------------------------------------------------------

Time : 15:11:52.3720 
Message : IntializedMerchantContext called 
----------------------------------------------------------------------------------------------------------------------------------------------------------------

