Time : 09:10:53.8924 
Message : Application Started Login Controller 
----------------------------------------------------------------------------------------------------------------------------------------------------------------

Time : 09:11:30.4220 
Message : Application Loaded 
----------------------------------------------------------------------------------------------------------------------------------------------------------------

Time : 09:14:02.1711 
Message : Application Started Login Controller 
----------------------------------------------------------------------------------------------------------------------------------------------------------------

Time : 09:14:02.3922 
Message : Application Loaded 
----------------------------------------------------------------------------------------------------------------------------------------------------------------

Time : 09:14:11.3652 
Message : IntializedMerchantContext called 
----------------------------------------------------------------------------------------------------------------------------------------------------------------

Time : 09:15:02.7855 
Message : IntializedMerchantContext called 
----------------------------------------------------------------------------------------------------------------------------------------------------------------

Time : 09:15:02.7855 
Message : IntializedMerchantContext called 
----------------------------------------------------------------------------------------------------------------------------------------------------------------

Time : 09:15:02.8555 
Message : IntializedMerchantContext called 
----------------------------------------------------------------------------------------------------------------------------------------------------------------

Time : 09:26:21.3930 
Message : Application Loaded 
----------------------------------------------------------------------------------------------------------------------------------------------------------------

Time : 09:26:22.6334 
Message : IntializedMerchantContext called 
----------------------------------------------------------------------------------------------------------------------------------------------------------------

Time : 09:26:25.2714 
Message : IntializedMerchantContext called 
----------------------------------------------------------------------------------------------------------------------------------------------------------------

Time : 09:26:25.2714 
Message : IntializedMerchantContext called 
----------------------------------------------------------------------------------------------------------------------------------------------------------------

Time : 09:26:25.2864 
Message : IntializedMerchantContext called 
----------------------------------------------------------------------------------------------------------------------------------------------------------------

Time : 09:26:30.3741 
Message : IntializedMerchantContext called 
----------------------------------------------------------------------------------------------------------------------------------------------------------------

Time : 09:26:30.3741 
Message : IntializedMerchantContext called 
----------------------------------------------------------------------------------------------------------------------------------------------------------------

Time : 09:26:38.8570 
Message : IntializedMerchantContext called 
----------------------------------------------------------------------------------------------------------------------------------------------------------------

Time : 09:26:39.7025 
Message : IntializedMerchantContext called 
----------------------------------------------------------------------------------------------------------------------------------------------------------------

Time : 09:27:09.0675 
Message : IntializedMerchantContext called 
----------------------------------------------------------------------------------------------------------------------------------------------------------------

Time : 09:29:04.3684 
Message : Application Started Login Controller 
----------------------------------------------------------------------------------------------------------------------------------------------------------------

Time : 09:29:04.6396 
Message : Application Loaded 
----------------------------------------------------------------------------------------------------------------------------------------------------------------

Time : 09:29:12.4789 
Message : IntializedMerchantContext called 
----------------------------------------------------------------------------------------------------------------------------------------------------------------

Time : 09:29:18.2658 
Message : IntializedMerchantContext called 
----------------------------------------------------------------------------------------------------------------------------------------------------------------

Time : 09:29:18.3679 
Message : IntializedMerchantContext called 
----------------------------------------------------------------------------------------------------------------------------------------------------------------

Time : 09:29:18.4450 
Message : IntializedMerchantContext called 
----------------------------------------------------------------------------------------------------------------------------------------------------------------

Time : 09:30:12.3483 
Message : IntializedMerchantContext called 
----------------------------------------------------------------------------------------------------------------------------------------------------------------

Time : 09:30:12.4203 
Message : IntializedMerchantContext called 
----------------------------------------------------------------------------------------------------------------------------------------------------------------

Time : 09:30:23.0845 
Message : IntializedMerchantContext called 
----------------------------------------------------------------------------------------------------------------------------------------------------------------

Time : 09:30:23.0845 
Message : IntializedMerchantContext called 
----------------------------------------------------------------------------------------------------------------------------------------------------------------

Time : 09:30:26.7530 
Message : IntializedMerchantContext called 
----------------------------------------------------------------------------------------------------------------------------------------------------------------

Time : 09:30:27.5065 
Message : IntializedMerchantContext called 
----------------------------------------------------------------------------------------------------------------------------------------------------------------

Time : 09:30:44.3012 
Message : IntializedMerchantContext called 
----------------------------------------------------------------------------------------------------------------------------------------------------------------

Time : 09:33:12.5272 
Message : IntializedMerchantContext called 
----------------------------------------------------------------------------------------------------------------------------------------------------------------

Time : 09:33:13.4603 
Message : IntializedMerchantContext called 
----------------------------------------------------------------------------------------------------------------------------------------------------------------

Time : 09:33:13.4793 
Message : IntializedMerchantContext called 
----------------------------------------------------------------------------------------------------------------------------------------------------------------

Time : 09:33:13.5494 
Message : IntializedMerchantContext called 
----------------------------------------------------------------------------------------------------------------------------------------------------------------

Time : 09:33:21.8269 
Message : Application Loaded 
----------------------------------------------------------------------------------------------------------------------------------------------------------------

Time : 09:33:23.0229 
Message : IntializedMerchantContext called 
----------------------------------------------------------------------------------------------------------------------------------------------------------------

Time : 09:33:24.3161 
Message : IntializedMerchantContext called 
----------------------------------------------------------------------------------------------------------------------------------------------------------------

Time : 09:33:25.5641 
Message : IntializedMerchantContext called 
----------------------------------------------------------------------------------------------------------------------------------------------------------------

Time : 09:33:25.5641 
Message : IntializedMerchantContext called 
----------------------------------------------------------------------------------------------------------------------------------------------------------------

Time : 09:33:39.1401 
Message : Application Started Login Controller 
----------------------------------------------------------------------------------------------------------------------------------------------------------------

Time : 09:33:43.8686 
Message : Application Loaded 
----------------------------------------------------------------------------------------------------------------------------------------------------------------

Time : 09:33:45.0224 
Message : IntializedMerchantContext called 
----------------------------------------------------------------------------------------------------------------------------------------------------------------

Time : 09:33:47.9968 
Message : Application Loaded 
----------------------------------------------------------------------------------------------------------------------------------------------------------------

Time : 09:33:49.1678 
Message : IntializedMerchantContext called 
----------------------------------------------------------------------------------------------------------------------------------------------------------------

Time : 09:33:50.7449 
Message : IntializedMerchantContext called 
----------------------------------------------------------------------------------------------------------------------------------------------------------------

Time : 09:33:51.7612 
Message : IntializedMerchantContext called 
----------------------------------------------------------------------------------------------------------------------------------------------------------------

Time : 09:34:47.1150 
Message : Application Loaded 
----------------------------------------------------------------------------------------------------------------------------------------------------------------

Time : 09:34:48.2844 
Message : IntializedMerchantContext called 
----------------------------------------------------------------------------------------------------------------------------------------------------------------

Time : 09:34:49.7235 
Message : IntializedMerchantContext called 
----------------------------------------------------------------------------------------------------------------------------------------------------------------

Time : 09:34:50.7492 
Message : IntializedMerchantContext called 
----------------------------------------------------------------------------------------------------------------------------------------------------------------

Time : 09:34:58.7521 
Message : Application Loaded 
----------------------------------------------------------------------------------------------------------------------------------------------------------------

Time : 09:35:00.0170 
Message : IntializedMerchantContext called 
----------------------------------------------------------------------------------------------------------------------------------------------------------------

Time : 09:35:03.2735 
Message : IntializedMerchantContext called 
----------------------------------------------------------------------------------------------------------------------------------------------------------------

Time : 09:35:04.3878 
Message : IntializedMerchantContext called 
----------------------------------------------------------------------------------------------------------------------------------------------------------------

Time : 09:35:20.9087 
Message : IntializedMerchantContext called 
----------------------------------------------------------------------------------------------------------------------------------------------------------------

Time : 09:35:21.7782 
Message : IntializedMerchantContext called 
----------------------------------------------------------------------------------------------------------------------------------------------------------------

Time : 09:35:22.7813 
Message : IntializedMerchantContext called 
----------------------------------------------------------------------------------------------------------------------------------------------------------------

Time : 09:35:23.8336 
Message : IntializedMerchantContext called 
----------------------------------------------------------------------------------------------------------------------------------------------------------------

Time : 09:37:10.0388 
Message : Application Started Login Controller 
----------------------------------------------------------------------------------------------------------------------------------------------------------------

Time : 09:37:13.5417 
Message : Application Loaded 
----------------------------------------------------------------------------------------------------------------------------------------------------------------

Time : 09:37:14.6915 
Message : IntializedMerchantContext called 
----------------------------------------------------------------------------------------------------------------------------------------------------------------

Time : 09:38:31.5717 
Message : Application Loaded 
----------------------------------------------------------------------------------------------------------------------------------------------------------------

Time : 09:38:32.7708 
Message : IntializedMerchantContext called 
----------------------------------------------------------------------------------------------------------------------------------------------------------------

Time : 09:38:33.9182 
Message : IntializedMerchantContext called 
----------------------------------------------------------------------------------------------------------------------------------------------------------------

Time : 09:38:34.9244 
Message : IntializedMerchantContext called 
----------------------------------------------------------------------------------------------------------------------------------------------------------------

Time : 09:38:35.9420 
Message : IntializedMerchantContext called 
----------------------------------------------------------------------------------------------------------------------------------------------------------------

Time : 09:38:36.7857 
Message : IntializedMerchantContext called 
----------------------------------------------------------------------------------------------------------------------------------------------------------------

Time : 09:38:37.7982 
Message : IntializedMerchantContext called 
----------------------------------------------------------------------------------------------------------------------------------------------------------------

Time : 09:38:40.3422 
Message : IntializedMerchantContext called 
----------------------------------------------------------------------------------------------------------------------------------------------------------------

Time : 09:38:41.1437 
Message : IntializedMerchantContext called 
----------------------------------------------------------------------------------------------------------------------------------------------------------------

Time : 09:38:42.1578 
Message : IntializedMerchantContext called 
----------------------------------------------------------------------------------------------------------------------------------------------------------------

Time : 09:38:43.1755 
Message : IntializedMerchantContext called 
----------------------------------------------------------------------------------------------------------------------------------------------------------------

Time : 09:38:47.7561 
Message : IntializedMerchantContext called 
----------------------------------------------------------------------------------------------------------------------------------------------------------------

Time : 09:38:48.7688 
Message : IntializedMerchantContext called 
----------------------------------------------------------------------------------------------------------------------------------------------------------------

Time : 09:38:55.0173 
Message : IntializedMerchantContext called 
----------------------------------------------------------------------------------------------------------------------------------------------------------------

Time : 09:38:56.0519 
Message : IntializedMerchantContext called 
----------------------------------------------------------------------------------------------------------------------------------------------------------------

Time : 09:38:57.0365 
Message : IntializedMerchantContext called 
----------------------------------------------------------------------------------------------------------------------------------------------------------------

Time : 12:14:43.3934 
Message : Application Started Login Controller 
----------------------------------------------------------------------------------------------------------------------------------------------------------------

Time : 12:14:43.6206 
Message : Application Loaded 
----------------------------------------------------------------------------------------------------------------------------------------------------------------

Time : 12:15:58.7306 
Message : Application Started Login Controller 
----------------------------------------------------------------------------------------------------------------------------------------------------------------

Time : 12:15:59.0378 
Message : Application Loaded 
----------------------------------------------------------------------------------------------------------------------------------------------------------------

Time : 12:16:06.0856 
Message : IntializedMerchantContext called 
----------------------------------------------------------------------------------------------------------------------------------------------------------------

Time : 12:16:57.0343 
Message : Application Started Login Controller 
----------------------------------------------------------------------------------------------------------------------------------------------------------------

Time : 12:23:14.6529 
Message : Application Started Login Controller 
----------------------------------------------------------------------------------------------------------------------------------------------------------------

Time : 12:26:12.5842 
Message : Application Started Login Controller 
----------------------------------------------------------------------------------------------------------------------------------------------------------------

Time : 12:26:13.4882 
Message : IntializedMerchantContext called 
----------------------------------------------------------------------------------------------------------------------------------------------------------------

Time : 12:27:02.7012 
Message : Application Started Login Controller 
----------------------------------------------------------------------------------------------------------------------------------------------------------------

Time : 12:27:03.7309 
Message : IntializedMerchantContext called 
----------------------------------------------------------------------------------------------------------------------------------------------------------------

Time : 15:25:53.9537 
Message : Application Started Login Controller 
----------------------------------------------------------------------------------------------------------------------------------------------------------------

Time : 15:26:01.2537 
Message : Application Loaded 
----------------------------------------------------------------------------------------------------------------------------------------------------------------

Time : 15:26:08.3835 
Message : IntializedMerchantContext called 
----------------------------------------------------------------------------------------------------------------------------------------------------------------

Time : 15:26:48.3248 
Message : Application Loaded 
----------------------------------------------------------------------------------------------------------------------------------------------------------------

Time : 15:26:49.7227 
Message : IntializedMerchantContext called 
----------------------------------------------------------------------------------------------------------------------------------------------------------------

Time : 15:49:03.5927 
Message : IntializedMerchantContext called 
----------------------------------------------------------------------------------------------------------------------------------------------------------------

Time : 15:49:33.2364 
Message : IntializedMerchantContext called 
----------------------------------------------------------------------------------------------------------------------------------------------------------------

Time : 15:54:19.3640 
Message : IntializedMerchantContext called 
----------------------------------------------------------------------------------------------------------------------------------------------------------------

Time : 15:54:20.2181 
Message : IntializedMerchantContext called 
----------------------------------------------------------------------------------------------------------------------------------------------------------------

Time : 15:54:21.4432 
Message : IntializedMerchantContext called 
----------------------------------------------------------------------------------------------------------------------------------------------------------------

Time : 15:54:22.4539 
Message : IntializedMerchantContext called 
----------------------------------------------------------------------------------------------------------------------------------------------------------------

Time : 15:59:50.4505 
Message : IntializedMerchantContext called 
----------------------------------------------------------------------------------------------------------------------------------------------------------------

Time : 15:59:53.0773 
Message : IntializedMerchantContext called 
----------------------------------------------------------------------------------------------------------------------------------------------------------------

Time : 16:37:30.5729 
Message : Application Started Login Controller 
----------------------------------------------------------------------------------------------------------------------------------------------------------------

Time : 16:37:30.8571 
Message : Application Loaded 
----------------------------------------------------------------------------------------------------------------------------------------------------------------

Time : 16:37:35.4212 
Message : IntializedMerchantContext called 
----------------------------------------------------------------------------------------------------------------------------------------------------------------

Time : 16:38:39.8262 
Message : IntializedMerchantContext called 
----------------------------------------------------------------------------------------------------------------------------------------------------------------

Time : 16:38:39.8672 
Message : IntializedMerchantContext called 
----------------------------------------------------------------------------------------------------------------------------------------------------------------

Time : 16:38:42.4743 
Message : IntializedMerchantContext called 
----------------------------------------------------------------------------------------------------------------------------------------------------------------

Time : 16:38:50.4325 
Message : IntializedMerchantContext called 
----------------------------------------------------------------------------------------------------------------------------------------------------------------

Time : 16:38:50.4465 
Message : IntializedMerchantContext called 
----------------------------------------------------------------------------------------------------------------------------------------------------------------

Time : 16:38:51.8973 
Message : IntializedMerchantContext called 
----------------------------------------------------------------------------------------------------------------------------------------------------------------

Time : 16:38:51.9063 
Message : IntializedMerchantContext called 
----------------------------------------------------------------------------------------------------------------------------------------------------------------

Time : 16:38:54.3067 
Message : IntializedMerchantContext called 
----------------------------------------------------------------------------------------------------------------------------------------------------------------

Time : 16:38:54.3067 
Message : IntializedMerchantContext called 
----------------------------------------------------------------------------------------------------------------------------------------------------------------

Time : 16:39:04.2612 
Message : IntializedMerchantContext called 
----------------------------------------------------------------------------------------------------------------------------------------------------------------

Time : 16:39:04.2762 
Message : IntializedMerchantContext called 
----------------------------------------------------------------------------------------------------------------------------------------------------------------

Time : 16:39:22.1170 
Message : IntializedMerchantContext called 
----------------------------------------------------------------------------------------------------------------------------------------------------------------

Time : 16:39:22.1170 
Message : IntializedMerchantContext called 
----------------------------------------------------------------------------------------------------------------------------------------------------------------

Time : 16:39:39.5401 
Message : IntializedMerchantContext called 
----------------------------------------------------------------------------------------------------------------------------------------------------------------

Time : 16:39:40.1965 
Message : IntializedMerchantContext called 
----------------------------------------------------------------------------------------------------------------------------------------------------------------

Time : 16:39:48.2714 
Message : IntializedMerchantContext called 
----------------------------------------------------------------------------------------------------------------------------------------------------------------

Time : 16:39:56.6253 
Message : IntializedMerchantContext called 
----------------------------------------------------------------------------------------------------------------------------------------------------------------

Time : 16:39:57.2120 
Message : IntializedMerchantContext called 
----------------------------------------------------------------------------------------------------------------------------------------------------------------

Time : 16:39:59.6324 
Message : IntializedMerchantContext called 
----------------------------------------------------------------------------------------------------------------------------------------------------------------

Time : 16:39:59.6324 
Message : IntializedMerchantContext called 
----------------------------------------------------------------------------------------------------------------------------------------------------------------

Time : 16:44:10.8429 
Message : IntializedMerchantContext called 
----------------------------------------------------------------------------------------------------------------------------------------------------------------

Time : 16:44:15.1596 
Message : IntializedMerchantContext called 
----------------------------------------------------------------------------------------------------------------------------------------------------------------

Time : 16:44:15.8027 
Message : IntializedMerchantContext called 
----------------------------------------------------------------------------------------------------------------------------------------------------------------

Time : 16:44:20.1107 
Message : IntializedMerchantContext called 
----------------------------------------------------------------------------------------------------------------------------------------------------------------

Time : 16:44:20.7506 
Message : IntializedMerchantContext called 
----------------------------------------------------------------------------------------------------------------------------------------------------------------

Time : 16:44:21.9648 
Message : IntializedMerchantContext called 
----------------------------------------------------------------------------------------------------------------------------------------------------------------

Time : 16:44:22.5928 
Message : IntializedMerchantContext called 
----------------------------------------------------------------------------------------------------------------------------------------------------------------

Time : 16:44:23.1590 
Message : IntializedMerchantContext called 
----------------------------------------------------------------------------------------------------------------------------------------------------------------

Time : 16:44:26.6553 
Message : IntializedMerchantContext called 
----------------------------------------------------------------------------------------------------------------------------------------------------------------

Time : 16:44:31.0784 
Message : IntializedMerchantContext called 
----------------------------------------------------------------------------------------------------------------------------------------------------------------

Time : 16:44:31.0844 
Message : IntializedMerchantContext called 
----------------------------------------------------------------------------------------------------------------------------------------------------------------

Time : 16:44:31.0844 
Message : IntializedMerchantContext called 
----------------------------------------------------------------------------------------------------------------------------------------------------------------

Time : 16:44:31.7338 
Message : IntializedMerchantContext called 
----------------------------------------------------------------------------------------------------------------------------------------------------------------

Time : 16:44:35.5811 
Message : IntializedMerchantContext called 
----------------------------------------------------------------------------------------------------------------------------------------------------------------

Time : 16:44:35.5811 
Message : IntializedMerchantContext called 
----------------------------------------------------------------------------------------------------------------------------------------------------------------

Time : 16:44:35.5811 
Message : IntializedMerchantContext called 
----------------------------------------------------------------------------------------------------------------------------------------------------------------

Time : 16:44:36.0989 
Message : IntializedMerchantContext called 
----------------------------------------------------------------------------------------------------------------------------------------------------------------

Time : 16:44:41.2073 
Message : IntializedMerchantContext called 
----------------------------------------------------------------------------------------------------------------------------------------------------------------

Time : 16:44:41.2243 
Message : IntializedMerchantContext called 
----------------------------------------------------------------------------------------------------------------------------------------------------------------

Time : 16:44:41.2243 
Message : IntializedMerchantContext called 
----------------------------------------------------------------------------------------------------------------------------------------------------------------

Time : 16:44:43.6163 
Message : IntializedMerchantContext called 
----------------------------------------------------------------------------------------------------------------------------------------------------------------

Time : 16:44:43.6163 
Message : IntializedMerchantContext called 
----------------------------------------------------------------------------------------------------------------------------------------------------------------

Time : 16:44:43.6163 
Message : IntializedMerchantContext called 
----------------------------------------------------------------------------------------------------------------------------------------------------------------

Time : 16:44:43.6323 
Message : IntializedMerchantContext called 
----------------------------------------------------------------------------------------------------------------------------------------------------------------

Time : 16:44:49.6774 
Message : IntializedMerchantContext called 
----------------------------------------------------------------------------------------------------------------------------------------------------------------

Time : 16:44:49.6774 
Message : IntializedMerchantContext called 
----------------------------------------------------------------------------------------------------------------------------------------------------------------

Time : 16:44:51.9830 
Message : IntializedMerchantContext called 
----------------------------------------------------------------------------------------------------------------------------------------------------------------

Time : 16:44:51.9830 
Message : IntializedMerchantContext called 
----------------------------------------------------------------------------------------------------------------------------------------------------------------

Time : 16:46:18.8769 
Message : IntializedMerchantContext called 
----------------------------------------------------------------------------------------------------------------------------------------------------------------

Time : 16:46:18.8959 
Message : IntializedMerchantContext called 
----------------------------------------------------------------------------------------------------------------------------------------------------------------

Time : 16:46:18.8959 
Message : IntializedMerchantContext called 
----------------------------------------------------------------------------------------------------------------------------------------------------------------

Time : 16:46:20.9192 
Message : IntializedMerchantContext called 
----------------------------------------------------------------------------------------------------------------------------------------------------------------

Time : 16:46:20.9192 
Message : IntializedMerchantContext called 
----------------------------------------------------------------------------------------------------------------------------------------------------------------

Time : 16:46:20.9302 
Message : IntializedMerchantContext called 
----------------------------------------------------------------------------------------------------------------------------------------------------------------

Time : 16:46:21.5453 
Message : IntializedMerchantContext called 
----------------------------------------------------------------------------------------------------------------------------------------------------------------

Time : 16:46:23.3698 
Message : IntializedMerchantContext called 
----------------------------------------------------------------------------------------------------------------------------------------------------------------

Time : 16:46:23.3698 
Message : IntializedMerchantContext called 
----------------------------------------------------------------------------------------------------------------------------------------------------------------

Time : 16:46:23.3848 
Message : IntializedMerchantContext called 
----------------------------------------------------------------------------------------------------------------------------------------------------------------

Time : 16:46:23.3848 
Message : IntializedMerchantContext called 
----------------------------------------------------------------------------------------------------------------------------------------------------------------

Time : 16:46:26.3388 
Message : IntializedMerchantContext called 
----------------------------------------------------------------------------------------------------------------------------------------------------------------

Time : 16:46:26.3388 
Message : IntializedMerchantContext called 
----------------------------------------------------------------------------------------------------------------------------------------------------------------

Time : 16:46:26.3468 
Message : IntializedMerchantContext called 
----------------------------------------------------------------------------------------------------------------------------------------------------------------

Time : 16:46:26.3468 
Message : IntializedMerchantContext called 
----------------------------------------------------------------------------------------------------------------------------------------------------------------

Time : 16:46:37.7329 
Message : IntializedMerchantContext called 
----------------------------------------------------------------------------------------------------------------------------------------------------------------

Time : 16:46:37.7469 
Message : IntializedMerchantContext called 
----------------------------------------------------------------------------------------------------------------------------------------------------------------

Time : 16:46:37.7469 
Message : IntializedMerchantContext called 
----------------------------------------------------------------------------------------------------------------------------------------------------------------

Time : 16:46:42.8002 
Message : IntializedMerchantContext called 
----------------------------------------------------------------------------------------------------------------------------------------------------------------

Time : 16:46:42.8403 
Message : IntializedMerchantContext called 
----------------------------------------------------------------------------------------------------------------------------------------------------------------

Time : 16:46:42.8473 
Message : IntializedMerchantContext called 
----------------------------------------------------------------------------------------------------------------------------------------------------------------

Time : 16:46:42.8793 
Message : IntializedMerchantContext called 
----------------------------------------------------------------------------------------------------------------------------------------------------------------

Time : 16:46:52.1480 
Message : IntializedMerchantContext called 
----------------------------------------------------------------------------------------------------------------------------------------------------------------

Time : 16:46:52.1610 
Message : IntializedMerchantContext called 
----------------------------------------------------------------------------------------------------------------------------------------------------------------

Time : 16:46:52.1610 
Message : IntializedMerchantContext called 
----------------------------------------------------------------------------------------------------------------------------------------------------------------

Time : 16:48:40.5082 
Message : IntializedMerchantContext called 
----------------------------------------------------------------------------------------------------------------------------------------------------------------

Time : 16:48:40.5082 
Message : IntializedMerchantContext called 
----------------------------------------------------------------------------------------------------------------------------------------------------------------

Time : 16:48:42.3029 
Message : IntializedMerchantContext called 
----------------------------------------------------------------------------------------------------------------------------------------------------------------

Time : 16:48:42.3029 
Message : IntializedMerchantContext called 
----------------------------------------------------------------------------------------------------------------------------------------------------------------

Time : 16:48:44.3626 
Message : IntializedMerchantContext called 
----------------------------------------------------------------------------------------------------------------------------------------------------------------

Time : 16:48:44.3656 
Message : IntializedMerchantContext called 
----------------------------------------------------------------------------------------------------------------------------------------------------------------

Time : 16:51:01.9612 
Message : Application Loaded 
----------------------------------------------------------------------------------------------------------------------------------------------------------------

Time : 16:51:03.1406 
Message : IntializedMerchantContext called 
----------------------------------------------------------------------------------------------------------------------------------------------------------------

Time : 16:51:05.8291 
Message : IntializedMerchantContext called 
----------------------------------------------------------------------------------------------------------------------------------------------------------------

Time : 16:51:05.8431 
Message : IntializedMerchantContext called 
----------------------------------------------------------------------------------------------------------------------------------------------------------------

Time : 16:51:39.1376 
Message : IntializedMerchantContext called 
----------------------------------------------------------------------------------------------------------------------------------------------------------------

Time : 16:51:39.1576 
Message : IntializedMerchantContext called 
----------------------------------------------------------------------------------------------------------------------------------------------------------------

Time : 16:51:48.6813 
Message : IntializedMerchantContext called 
----------------------------------------------------------------------------------------------------------------------------------------------------------------

Time : 16:51:50.7016 
Message : IntializedMerchantContext called 
----------------------------------------------------------------------------------------------------------------------------------------------------------------

Time : 16:54:09.2841 
Message : Application Loaded 
----------------------------------------------------------------------------------------------------------------------------------------------------------------

Time : 16:54:10.0964 
Message : Application Loaded 
----------------------------------------------------------------------------------------------------------------------------------------------------------------

Time : 16:54:11.1693 
Message : IntializedMerchantContext called 
----------------------------------------------------------------------------------------------------------------------------------------------------------------

Time : 16:54:12.9095 
Message : IntializedMerchantContext called 
----------------------------------------------------------------------------------------------------------------------------------------------------------------

Time : 16:54:12.9205 
Message : IntializedMerchantContext called 
----------------------------------------------------------------------------------------------------------------------------------------------------------------

Time : 17:23:42.6705 
Message : IntializedMerchantContext called 
----------------------------------------------------------------------------------------------------------------------------------------------------------------

Time : 17:23:42.6795 
Message : IntializedMerchantContext called 
----------------------------------------------------------------------------------------------------------------------------------------------------------------

Time : 17:23:48.7900 
Message : IntializedMerchantContext called 
----------------------------------------------------------------------------------------------------------------------------------------------------------------

Time : 17:23:48.7900 
Message : IntializedMerchantContext called 
----------------------------------------------------------------------------------------------------------------------------------------------------------------

