Time : 09:25:29.9682 
Message : IntializedMerchantContext called 
----------------------------------------------------------------------------------------------------------------------------------------------------------------

Time : 09:25:30.0893 
Message : IntializedMerchantContext called 
----------------------------------------------------------------------------------------------------------------------------------------------------------------

Time : 09:25:30.1703 
Message : IntializedMerchantContext called 
----------------------------------------------------------------------------------------------------------------------------------------------------------------

Time : 09:36:55.9704 
Message : IntializedMerchantContext called 
----------------------------------------------------------------------------------------------------------------------------------------------------------------

Time : 09:36:56.0104 
Message : IntializedMerchantContext called 
----------------------------------------------------------------------------------------------------------------------------------------------------------------

Time : 09:36:56.0524 
Message : IntializedMerchantContext called 
----------------------------------------------------------------------------------------------------------------------------------------------------------------

Time : 09:38:52.2738 
Message : IntializedMerchantContext called 
----------------------------------------------------------------------------------------------------------------------------------------------------------------

Time : 09:38:52.2998 
Message : IntializedMerchantContext called 
----------------------------------------------------------------------------------------------------------------------------------------------------------------

Time : 09:38:52.3388 
Message : IntializedMerchantContext called 
----------------------------------------------------------------------------------------------------------------------------------------------------------------

Time : 09:39:21.0498 
Message : IntializedMerchantContext called 
----------------------------------------------------------------------------------------------------------------------------------------------------------------

Time : 09:39:21.0818 
Message : IntializedMerchantContext called 
----------------------------------------------------------------------------------------------------------------------------------------------------------------

Time : 09:39:21.1389 
Message : IntializedMerchantContext called 
----------------------------------------------------------------------------------------------------------------------------------------------------------------

Time : 09:39:49.6260 
Message : IntializedMerchantContext called 
----------------------------------------------------------------------------------------------------------------------------------------------------------------

Time : 09:39:49.7891 
Message : IntializedMerchantContext called 
----------------------------------------------------------------------------------------------------------------------------------------------------------------

Time : 09:39:50.0773 
Message : IntializedMerchantContext called 
----------------------------------------------------------------------------------------------------------------------------------------------------------------

Time : 09:40:30.6308 
Message : IntializedMerchantContext called 
----------------------------------------------------------------------------------------------------------------------------------------------------------------

Time : 09:40:30.6903 
Message : IntializedMerchantContext called 
----------------------------------------------------------------------------------------------------------------------------------------------------------------

Time : 09:40:35.2477 
Message : IntializedMerchantContext called 
----------------------------------------------------------------------------------------------------------------------------------------------------------------

Time : 09:40:35.3137 
Message : IntializedMerchantContext called 
----------------------------------------------------------------------------------------------------------------------------------------------------------------

Time : 10:35:51.0762 
Message : Application Started Login Controller 
----------------------------------------------------------------------------------------------------------------------------------------------------------------

Time : 10:35:56.9977 
Message : Application Loaded 
----------------------------------------------------------------------------------------------------------------------------------------------------------------

Time : 10:36:00.7062 
Message : IntializedMerchantContext called 
----------------------------------------------------------------------------------------------------------------------------------------------------------------

Time : 10:36:05.1672 
Message : IntializedMerchantContext called 
----------------------------------------------------------------------------------------------------------------------------------------------------------------

Time : 10:36:07.2246 
Message : IntializedMerchantContext called 
----------------------------------------------------------------------------------------------------------------------------------------------------------------

Time : 10:36:17.5466 
Message : Application Loaded 
----------------------------------------------------------------------------------------------------------------------------------------------------------------

Time : 10:36:18.7164 
Message : IntializedMerchantContext called 
----------------------------------------------------------------------------------------------------------------------------------------------------------------

Time : 10:36:21.2091 
Message : IntializedMerchantContext called 
----------------------------------------------------------------------------------------------------------------------------------------------------------------

Time : 10:36:21.9916 
Message : IntializedMerchantContext called 
----------------------------------------------------------------------------------------------------------------------------------------------------------------

Time : 10:36:22.7791 
Message : IntializedMerchantContext called 
----------------------------------------------------------------------------------------------------------------------------------------------------------------

Time : 10:36:23.7988 
Message : IntializedMerchantContext called 
----------------------------------------------------------------------------------------------------------------------------------------------------------------

Time : 10:36:24.8966 
Message : Application Started Login Controller 
----------------------------------------------------------------------------------------------------------------------------------------------------------------

Time : 10:36:28.8342 
Message : Application Loaded 
----------------------------------------------------------------------------------------------------------------------------------------------------------------

Time : 10:36:29.9700 
Message : IntializedMerchantContext called 
----------------------------------------------------------------------------------------------------------------------------------------------------------------

Time : 10:36:31.4220 
Message : Application Loaded 
----------------------------------------------------------------------------------------------------------------------------------------------------------------

Time : 10:36:32.5298 
Message : IntializedMerchantContext called 
----------------------------------------------------------------------------------------------------------------------------------------------------------------

Time : 10:36:33.7573 
Message : IntializedMerchantContext called 
----------------------------------------------------------------------------------------------------------------------------------------------------------------

Time : 10:36:40.0607 
Message : IntializedMerchantContext called 
----------------------------------------------------------------------------------------------------------------------------------------------------------------

Time : 10:36:47.0761 
Message : IntializedMerchantContext called 
----------------------------------------------------------------------------------------------------------------------------------------------------------------

Time : 10:43:56.4291 
Message : Application Started Login Controller 
----------------------------------------------------------------------------------------------------------------------------------------------------------------

Time : 10:44:01.7888 
Message : Application Loaded 
----------------------------------------------------------------------------------------------------------------------------------------------------------------

Time : 10:44:05.0640 
Message : IntializedMerchantContext called 
----------------------------------------------------------------------------------------------------------------------------------------------------------------

Time : 10:44:10.9970 
Message : IntializedMerchantContext called 
----------------------------------------------------------------------------------------------------------------------------------------------------------------

Time : 11:17:13.1266 
Message : Application Started Login Controller 
----------------------------------------------------------------------------------------------------------------------------------------------------------------

Time : 11:17:36.6459 
Message : Application Loaded 
----------------------------------------------------------------------------------------------------------------------------------------------------------------

Time : 11:17:39.7230 
Message : IntializedMerchantContext called 
----------------------------------------------------------------------------------------------------------------------------------------------------------------

Time : 11:17:52.8414 
Message : IntializedMerchantContext called 
----------------------------------------------------------------------------------------------------------------------------------------------------------------

Time : 11:17:55.1570 
Message : IntializedMerchantContext called 
----------------------------------------------------------------------------------------------------------------------------------------------------------------

Time : 11:18:04.7278 
Message : IntializedMerchantContext called 
----------------------------------------------------------------------------------------------------------------------------------------------------------------

Time : 11:18:09.1384 
Message : IntializedMerchantContext called 
----------------------------------------------------------------------------------------------------------------------------------------------------------------

Time : 11:18:13.7287 
Message : IntializedMerchantContext called 
----------------------------------------------------------------------------------------------------------------------------------------------------------------

Time : 11:18:18.2803 
Message : IntializedMerchantContext called 
----------------------------------------------------------------------------------------------------------------------------------------------------------------

Time : 11:18:26.4733 
Message : IntializedMerchantContext called 
----------------------------------------------------------------------------------------------------------------------------------------------------------------

Time : 11:18:30.2749 
Message : IntializedMerchantContext called 
----------------------------------------------------------------------------------------------------------------------------------------------------------------

Time : 11:18:36.4184 
Message : IntializedMerchantContext called 
----------------------------------------------------------------------------------------------------------------------------------------------------------------

Time : 11:18:40.5386 
Message : IntializedMerchantContext called 
----------------------------------------------------------------------------------------------------------------------------------------------------------------

Time : 11:18:52.6914 
Message : IntializedMerchantContext called 
----------------------------------------------------------------------------------------------------------------------------------------------------------------

Time : 11:19:10.3035 
Message : IntializedMerchantContext called 
----------------------------------------------------------------------------------------------------------------------------------------------------------------

Time : 11:19:19.9239 
Message : IntializedMerchantContext called 
----------------------------------------------------------------------------------------------------------------------------------------------------------------

Time : 11:19:26.0237 
Message : IntializedMerchantContext called 
----------------------------------------------------------------------------------------------------------------------------------------------------------------

Time : 11:19:30.1589 
Message : IntializedMerchantContext called 
----------------------------------------------------------------------------------------------------------------------------------------------------------------

Time : 11:19:33.2548 
Message : IntializedMerchantContext called 
----------------------------------------------------------------------------------------------------------------------------------------------------------------

Time : 11:19:37.3684 
Message : IntializedMerchantContext called 
----------------------------------------------------------------------------------------------------------------------------------------------------------------

Time : 11:19:40.4231 
Message : IntializedMerchantContext called 
----------------------------------------------------------------------------------------------------------------------------------------------------------------

Time : 11:19:45.0004 
Message : IntializedMerchantContext called 
----------------------------------------------------------------------------------------------------------------------------------------------------------------

Time : 11:19:45.7249 
Message : IntializedMerchantContext called 
----------------------------------------------------------------------------------------------------------------------------------------------------------------

Time : 11:19:46.5114 
Message : IntializedMerchantContext called 
----------------------------------------------------------------------------------------------------------------------------------------------------------------

Time : 11:19:47.5521 
Message : IntializedMerchantContext called 
----------------------------------------------------------------------------------------------------------------------------------------------------------------

Time : 11:19:55.0818 
Message : IntializedMerchantContext called 
----------------------------------------------------------------------------------------------------------------------------------------------------------------

Time : 11:19:57.4310 
Message : IntializedMerchantContext called 
----------------------------------------------------------------------------------------------------------------------------------------------------------------

Time : 11:19:58.1394 
Message : IntializedMerchantContext called 
----------------------------------------------------------------------------------------------------------------------------------------------------------------

Time : 11:19:58.9439 
Message : IntializedMerchantContext called 
----------------------------------------------------------------------------------------------------------------------------------------------------------------

Time : 11:19:59.9562 
Message : IntializedMerchantContext called 
----------------------------------------------------------------------------------------------------------------------------------------------------------------

Time : 11:20:00.8178 
Message : IntializedMerchantContext called 
----------------------------------------------------------------------------------------------------------------------------------------------------------------

Time : 11:20:07.6916 
Message : IntializedMerchantContext called 
----------------------------------------------------------------------------------------------------------------------------------------------------------------

Time : 11:20:08.6782 
Message : IntializedMerchantContext called 
----------------------------------------------------------------------------------------------------------------------------------------------------------------

Time : 11:20:09.6759 
Message : IntializedMerchantContext called 
----------------------------------------------------------------------------------------------------------------------------------------------------------------

Time : 11:20:25.9483 
Message : IntializedMerchantContext called 
----------------------------------------------------------------------------------------------------------------------------------------------------------------

Time : 11:20:26.9570 
Message : IntializedMerchantContext called 
----------------------------------------------------------------------------------------------------------------------------------------------------------------

Time : 11:20:27.9776 
Message : IntializedMerchantContext called 
----------------------------------------------------------------------------------------------------------------------------------------------------------------

Time : 11:20:28.9913 
Message : IntializedMerchantContext called 
----------------------------------------------------------------------------------------------------------------------------------------------------------------

Time : 11:20:30.2623 
Message : IntializedMerchantContext called 
----------------------------------------------------------------------------------------------------------------------------------------------------------------

Time : 11:20:31.2710 
Message : IntializedMerchantContext called 
----------------------------------------------------------------------------------------------------------------------------------------------------------------

Time : 11:20:32.2867 
Message : IntializedMerchantContext called 
----------------------------------------------------------------------------------------------------------------------------------------------------------------

Time : 11:21:43.6408 
Message : IntializedMerchantContext called 
----------------------------------------------------------------------------------------------------------------------------------------------------------------

Time : 11:21:44.6447 
Message : IntializedMerchantContext called 
----------------------------------------------------------------------------------------------------------------------------------------------------------------

Time : 11:21:48.0050 
Message : IntializedMerchantContext called 
----------------------------------------------------------------------------------------------------------------------------------------------------------------

Time : 11:21:49.0066 
Message : IntializedMerchantContext called 
----------------------------------------------------------------------------------------------------------------------------------------------------------------

Time : 11:21:50.0053 
Message : IntializedMerchantContext called 
----------------------------------------------------------------------------------------------------------------------------------------------------------------

Time : 11:21:54.2262 
Message : IntializedMerchantContext called 
----------------------------------------------------------------------------------------------------------------------------------------------------------------

Time : 11:21:55.2188 
Message : IntializedMerchantContext called 
----------------------------------------------------------------------------------------------------------------------------------------------------------------

Time : 11:22:17.6655 
Message : IntializedMerchantContext called 
----------------------------------------------------------------------------------------------------------------------------------------------------------------

Time : 11:22:18.6932 
Message : IntializedMerchantContext called 
----------------------------------------------------------------------------------------------------------------------------------------------------------------

Time : 11:27:51.6855 
Message : IntializedMerchantContext called 
----------------------------------------------------------------------------------------------------------------------------------------------------------------

Time : 11:27:52.5721 
Message : IntializedMerchantContext called 
----------------------------------------------------------------------------------------------------------------------------------------------------------------

Time : 11:27:53.3566 
Message : IntializedMerchantContext called 
----------------------------------------------------------------------------------------------------------------------------------------------------------------

Time : 11:27:54.0671 
Message : IntializedMerchantContext called 
----------------------------------------------------------------------------------------------------------------------------------------------------------------

Time : 11:27:54.7896 
Message : IntializedMerchantContext called 
----------------------------------------------------------------------------------------------------------------------------------------------------------------

Time : 11:28:08.4193 
Message : IntializedMerchantContext called 
----------------------------------------------------------------------------------------------------------------------------------------------------------------

Time : 11:37:39.8801 
Message : IntializedMerchantContext called 
----------------------------------------------------------------------------------------------------------------------------------------------------------------

Time : 11:37:40.6406 
Message : IntializedMerchantContext called 
----------------------------------------------------------------------------------------------------------------------------------------------------------------

Time : 11:39:11.9138 
Message : IntializedMerchantContext called 
----------------------------------------------------------------------------------------------------------------------------------------------------------------

Time : 11:39:12.8184 
Message : IntializedMerchantContext called 
----------------------------------------------------------------------------------------------------------------------------------------------------------------

Time : 11:39:13.5499 
Message : IntializedMerchantContext called 
----------------------------------------------------------------------------------------------------------------------------------------------------------------

Time : 11:39:32.8004 
Message : IntializedMerchantContext called 
----------------------------------------------------------------------------------------------------------------------------------------------------------------

Time : 11:39:33.6710 
Message : IntializedMerchantContext called 
----------------------------------------------------------------------------------------------------------------------------------------------------------------

Time : 11:39:34.4040 
Message : IntializedMerchantContext called 
----------------------------------------------------------------------------------------------------------------------------------------------------------------

Time : 11:40:09.8325 
Message : IntializedMerchantContext called 
----------------------------------------------------------------------------------------------------------------------------------------------------------------

Time : 11:40:10.6648 
Message : IntializedMerchantContext called 
----------------------------------------------------------------------------------------------------------------------------------------------------------------

Time : 11:40:11.3912 
Message : IntializedMerchantContext called 
----------------------------------------------------------------------------------------------------------------------------------------------------------------

Time : 11:40:33.7949 
Message : IntializedMerchantContext called 
----------------------------------------------------------------------------------------------------------------------------------------------------------------

Time : 11:40:34.5985 
Message : IntializedMerchantContext called 
----------------------------------------------------------------------------------------------------------------------------------------------------------------

Time : 11:40:35.3309 
Message : IntializedMerchantContext called 
----------------------------------------------------------------------------------------------------------------------------------------------------------------

Time : 11:41:03.2574 
Message : IntializedMerchantContext called 
----------------------------------------------------------------------------------------------------------------------------------------------------------------

Time : 11:41:04.1320 
Message : IntializedMerchantContext called 
----------------------------------------------------------------------------------------------------------------------------------------------------------------

Time : 11:41:04.8745 
Message : IntializedMerchantContext called 
----------------------------------------------------------------------------------------------------------------------------------------------------------------

Time : 11:41:08.9573 
Message : IntializedMerchantContext called 
----------------------------------------------------------------------------------------------------------------------------------------------------------------

Time : 11:41:09.7498 
Message : IntializedMerchantContext called 
----------------------------------------------------------------------------------------------------------------------------------------------------------------

Time : 11:41:10.4843 
Message : IntializedMerchantContext called 
----------------------------------------------------------------------------------------------------------------------------------------------------------------

Time : 11:41:14.0137 
Message : IntializedMerchantContext called 
----------------------------------------------------------------------------------------------------------------------------------------------------------------

Time : 11:41:14.7992 
Message : IntializedMerchantContext called 
----------------------------------------------------------------------------------------------------------------------------------------------------------------

Time : 11:41:15.5467 
Message : IntializedMerchantContext called 
----------------------------------------------------------------------------------------------------------------------------------------------------------------

Time : 11:41:19.1031 
Message : IntializedMerchantContext called 
----------------------------------------------------------------------------------------------------------------------------------------------------------------

Time : 11:41:19.9787 
Message : IntializedMerchantContext called 
----------------------------------------------------------------------------------------------------------------------------------------------------------------

Time : 11:41:20.7527 
Message : IntializedMerchantContext called 
----------------------------------------------------------------------------------------------------------------------------------------------------------------

Time : 11:42:59.8101 
Message : IntializedMerchantContext called 
----------------------------------------------------------------------------------------------------------------------------------------------------------------

Time : 11:43:00.6266 
Message : IntializedMerchantContext called 
----------------------------------------------------------------------------------------------------------------------------------------------------------------

Time : 11:43:01.3772 
Message : IntializedMerchantContext called 
----------------------------------------------------------------------------------------------------------------------------------------------------------------

Time : 11:43:10.0563 
Message : IntializedMerchantContext called 
----------------------------------------------------------------------------------------------------------------------------------------------------------------

Time : 11:43:10.7768 
Message : IntializedMerchantContext called 
----------------------------------------------------------------------------------------------------------------------------------------------------------------

Time : 11:43:15.5551 
Message : IntializedMerchantContext called 
----------------------------------------------------------------------------------------------------------------------------------------------------------------

Time : 11:43:57.4126 
Message : IntializedMerchantContext called 
----------------------------------------------------------------------------------------------------------------------------------------------------------------

Time : 11:44:00.7260 
Message : IntializedMerchantContext called 
----------------------------------------------------------------------------------------------------------------------------------------------------------------

Time : 11:44:10.2494 
Message : IntializedMerchantContext called 
----------------------------------------------------------------------------------------------------------------------------------------------------------------

Time : 11:44:10.9739 
Message : IntializedMerchantContext called 
----------------------------------------------------------------------------------------------------------------------------------------------------------------

Time : 11:44:11.7154 
Message : IntializedMerchantContext called 
----------------------------------------------------------------------------------------------------------------------------------------------------------------

Time : 11:44:22.3429 
Message : IntializedMerchantContext called 
----------------------------------------------------------------------------------------------------------------------------------------------------------------

Time : 11:44:23.0564 
Message : IntializedMerchantContext called 
----------------------------------------------------------------------------------------------------------------------------------------------------------------

Time : 11:44:26.8615 
Message : IntializedMerchantContext called 
----------------------------------------------------------------------------------------------------------------------------------------------------------------

Time : 11:44:30.7083 
Message : IntializedMerchantContext called 
----------------------------------------------------------------------------------------------------------------------------------------------------------------

Time : 11:44:31.4208 
Message : IntializedMerchantContext called 
----------------------------------------------------------------------------------------------------------------------------------------------------------------

Time : 11:44:32.1461 
Message : IntializedMerchantContext called 
----------------------------------------------------------------------------------------------------------------------------------------------------------------

Time : 11:46:32.9950 
Message : IntializedMerchantContext called 
----------------------------------------------------------------------------------------------------------------------------------------------------------------

Time : 11:46:34.0377 
Message : IntializedMerchantContext called 
----------------------------------------------------------------------------------------------------------------------------------------------------------------

Time : 11:46:50.8906 
Message : IntializedMerchantContext called 
----------------------------------------------------------------------------------------------------------------------------------------------------------------

Time : 11:46:51.6501 
Message : IntializedMerchantContext called 
----------------------------------------------------------------------------------------------------------------------------------------------------------------

Time : 11:46:52.3736 
Message : IntializedMerchantContext called 
----------------------------------------------------------------------------------------------------------------------------------------------------------------

Time : 11:46:57.7832 
Message : IntializedMerchantContext called 
----------------------------------------------------------------------------------------------------------------------------------------------------------------

Time : 11:46:58.8059 
Message : IntializedMerchantContext called 
----------------------------------------------------------------------------------------------------------------------------------------------------------------

Time : 11:47:09.2241 
Message : IntializedMerchantContext called 
----------------------------------------------------------------------------------------------------------------------------------------------------------------

Time : 11:47:10.0107 
Message : IntializedMerchantContext called 
----------------------------------------------------------------------------------------------------------------------------------------------------------------

Time : 11:47:10.7261 
Message : IntializedMerchantContext called 
----------------------------------------------------------------------------------------------------------------------------------------------------------------

Time : 11:47:14.7659 
Message : IntializedMerchantContext called 
----------------------------------------------------------------------------------------------------------------------------------------------------------------

Time : 11:47:15.7606 
Message : IntializedMerchantContext called 
----------------------------------------------------------------------------------------------------------------------------------------------------------------

Time : 11:47:19.1869 
Message : IntializedMerchantContext called 
----------------------------------------------------------------------------------------------------------------------------------------------------------------

Time : 11:47:29.9293 
Message : IntializedMerchantContext called 
----------------------------------------------------------------------------------------------------------------------------------------------------------------

Time : 11:47:32.5439 
Message : IntializedMerchantContext called 
----------------------------------------------------------------------------------------------------------------------------------------------------------------

Time : 11:48:08.5079 
Message : IntializedMerchantContext called 
----------------------------------------------------------------------------------------------------------------------------------------------------------------

Time : 11:48:09.3295 
Message : IntializedMerchantContext called 
----------------------------------------------------------------------------------------------------------------------------------------------------------------

Time : 11:48:10.0500 
Message : IntializedMerchantContext called 
----------------------------------------------------------------------------------------------------------------------------------------------------------------

Time : 11:48:13.4180 
Message : IntializedMerchantContext called 
----------------------------------------------------------------------------------------------------------------------------------------------------------------

Time : 11:48:14.1505 
Message : IntializedMerchantContext called 
----------------------------------------------------------------------------------------------------------------------------------------------------------------

Time : 11:48:18.6446 
Message : IntializedMerchantContext called 
----------------------------------------------------------------------------------------------------------------------------------------------------------------

Time : 11:48:40.6900 
Message : IntializedMerchantContext called 
----------------------------------------------------------------------------------------------------------------------------------------------------------------

Time : 11:48:43.0720 
Message : IntializedMerchantContext called 
----------------------------------------------------------------------------------------------------------------------------------------------------------------

Time : 11:48:45.3691 
Message : IntializedMerchantContext called 
----------------------------------------------------------------------------------------------------------------------------------------------------------------

Time : 11:48:46.1216 
Message : IntializedMerchantContext called 
----------------------------------------------------------------------------------------------------------------------------------------------------------------

Time : 11:48:46.8561 
Message : IntializedMerchantContext called 
----------------------------------------------------------------------------------------------------------------------------------------------------------------

Time : 11:48:51.7317 
Message : IntializedMerchantContext called 
----------------------------------------------------------------------------------------------------------------------------------------------------------------

Time : 11:48:52.4552 
Message : IntializedMerchantContext called 
----------------------------------------------------------------------------------------------------------------------------------------------------------------

Time : 11:49:00.5797 
Message : IntializedMerchantContext called 
----------------------------------------------------------------------------------------------------------------------------------------------------------------

Time : 11:49:08.8625 
Message : IntializedMerchantContext called 
----------------------------------------------------------------------------------------------------------------------------------------------------------------

Time : 11:49:11.8892 
Message : IntializedMerchantContext called 
----------------------------------------------------------------------------------------------------------------------------------------------------------------

Time : 11:49:12.6307 
Message : IntializedMerchantContext called 
----------------------------------------------------------------------------------------------------------------------------------------------------------------

Time : 11:49:13.3472 
Message : IntializedMerchantContext called 
----------------------------------------------------------------------------------------------------------------------------------------------------------------

Time : 11:49:17.9200 
Message : IntializedMerchantContext called 
----------------------------------------------------------------------------------------------------------------------------------------------------------------

Time : 11:49:18.6765 
Message : IntializedMerchantContext called 
----------------------------------------------------------------------------------------------------------------------------------------------------------------

Time : 11:49:19.4440 
Message : IntializedMerchantContext called 
----------------------------------------------------------------------------------------------------------------------------------------------------------------

Time : 11:49:20.4858 
Message : IntializedMerchantContext called 
----------------------------------------------------------------------------------------------------------------------------------------------------------------

Time : 11:49:21.6105 
Message : IntializedMerchantContext called 
----------------------------------------------------------------------------------------------------------------------------------------------------------------

Time : 11:49:26.5951 
Message : IntializedMerchantContext called 
----------------------------------------------------------------------------------------------------------------------------------------------------------------

Time : 11:49:27.5748 
Message : IntializedMerchantContext called 
----------------------------------------------------------------------------------------------------------------------------------------------------------------

Time : 11:49:28.2742 
Message : IntializedMerchantContext called 
----------------------------------------------------------------------------------------------------------------------------------------------------------------

Time : 11:50:21.1010 
Message : IntializedMerchantContext called 
----------------------------------------------------------------------------------------------------------------------------------------------------------------

Time : 11:50:25.5462 
Message : IntializedMerchantContext called 
----------------------------------------------------------------------------------------------------------------------------------------------------------------

Time : 11:50:32.7505 
Message : IntializedMerchantContext called 
----------------------------------------------------------------------------------------------------------------------------------------------------------------

Time : 11:50:41.0423 
Message : IntializedMerchantContext called 
----------------------------------------------------------------------------------------------------------------------------------------------------------------

Time : 11:50:51.2982 
Message : IntializedMerchantContext called 
----------------------------------------------------------------------------------------------------------------------------------------------------------------

Time : 11:50:52.2538 
Message : IntializedMerchantContext called 
----------------------------------------------------------------------------------------------------------------------------------------------------------------

Time : 11:51:15.9911 
Message : IntializedMerchantContext called 
----------------------------------------------------------------------------------------------------------------------------------------------------------------

Time : 11:51:23.2599 
Message : IntializedMerchantContext called 
----------------------------------------------------------------------------------------------------------------------------------------------------------------

Time : 11:51:24.0565 
Message : IntializedMerchantContext called 
----------------------------------------------------------------------------------------------------------------------------------------------------------------

Time : 11:51:24.8040 
Message : IntializedMerchantContext called 
----------------------------------------------------------------------------------------------------------------------------------------------------------------

Time : 11:51:25.7676 
Message : IntializedMerchantContext called 
----------------------------------------------------------------------------------------------------------------------------------------------------------------

Time : 11:51:30.1389 
Message : IntializedMerchantContext called 
----------------------------------------------------------------------------------------------------------------------------------------------------------------

Time : 11:51:32.5158 
Message : IntializedMerchantContext called 
----------------------------------------------------------------------------------------------------------------------------------------------------------------

Time : 11:51:37.5637 
Message : IntializedMerchantContext called 
----------------------------------------------------------------------------------------------------------------------------------------------------------------

Time : 11:51:45.1551 
Message : IntializedMerchantContext called 
----------------------------------------------------------------------------------------------------------------------------------------------------------------

Time : 11:51:46.6972 
Message : IntializedMerchantContext called 
----------------------------------------------------------------------------------------------------------------------------------------------------------------

Time : 11:51:58.8646 
Message : IntializedMerchantContext called 
----------------------------------------------------------------------------------------------------------------------------------------------------------------

Time : 11:51:59.8556 
Message : IntializedMerchantContext called 
----------------------------------------------------------------------------------------------------------------------------------------------------------------

Time : 11:52:05.2361 
Message : IntializedMerchantContext called 
----------------------------------------------------------------------------------------------------------------------------------------------------------------

Time : 11:52:06.2297 
Message : IntializedMerchantContext called 
----------------------------------------------------------------------------------------------------------------------------------------------------------------

Time : 11:52:07.2583 
Message : IntializedMerchantContext called 
----------------------------------------------------------------------------------------------------------------------------------------------------------------

Time : 11:52:13.7227 
Message : IntializedMerchantContext called 
----------------------------------------------------------------------------------------------------------------------------------------------------------------

Time : 11:52:18.4138 
Message : IntializedMerchantContext called 
----------------------------------------------------------------------------------------------------------------------------------------------------------------

Time : 11:52:22.3853 
Message : IntializedMerchantContext called 
----------------------------------------------------------------------------------------------------------------------------------------------------------------

Time : 11:52:27.9658 
Message : IntializedMerchantContext called 
----------------------------------------------------------------------------------------------------------------------------------------------------------------

Time : 11:52:28.7017 
Message : client side local time convert 
----------------------------------------------------------------------------------------------------------------------------------------------------------------

Time : 11:52:28.7017 
Message : 220917 
----------------------------------------------------------------------------------------------------------------------------------------------------------------

Time : 11:52:28.7017 
Message : client side univesal time convert 
----------------------------------------------------------------------------------------------------------------------------------------------------------------

Time : 11:52:28.7017 
Message : 220917 
----------------------------------------------------------------------------------------------------------------------------------------------------------------

Time : 11:52:28.7017 
Message : time zone start time info 
----------------------------------------------------------------------------------------------------------------------------------------------------------------

Time : 11:52:28.7017 
Message : 22-09-2017 00:00:00 
----------------------------------------------------------------------------------------------------------------------------------------------------------------

Time : 11:52:28.7017 
Message : time zone start time details 
----------------------------------------------------------------------------------------------------------------------------------------------------------------

Time : 11:52:28.7017 
Message : 22-09-2017 00:00:00 
----------------------------------------------------------------------------------------------------------------------------------------------------------------

Time : 11:52:28.9679 
Message : IntializedMerchantContext called 
----------------------------------------------------------------------------------------------------------------------------------------------------------------

Time : 11:52:29.9616 
Message : IntializedMerchantContext called 
----------------------------------------------------------------------------------------------------------------------------------------------------------------

Time : 11:52:31.0053 
Message : IntializedMerchantContext called 
----------------------------------------------------------------------------------------------------------------------------------------------------------------

Time : 11:52:32.0130 
Message : IntializedMerchantContext called 
----------------------------------------------------------------------------------------------------------------------------------------------------------------

Time : 11:52:38.6563 
Message : IntializedMerchantContext called 
----------------------------------------------------------------------------------------------------------------------------------------------------------------

Time : 11:52:39.3858 
Message : IntializedMerchantContext called 
----------------------------------------------------------------------------------------------------------------------------------------------------------------

Time : 11:52:40.2043 
Message : IntializedMerchantContext called 
----------------------------------------------------------------------------------------------------------------------------------------------------------------

Time : 11:52:41.1930 
Message : IntializedMerchantContext called 
----------------------------------------------------------------------------------------------------------------------------------------------------------------

Time : 11:52:48.0023 
Message : IntializedMerchantContext called 
----------------------------------------------------------------------------------------------------------------------------------------------------------------

Time : 11:52:48.7788 
Message : IntializedMerchantContext called 
----------------------------------------------------------------------------------------------------------------------------------------------------------------

Time : 11:52:49.5494 
Message : IntializedMerchantContext called 
----------------------------------------------------------------------------------------------------------------------------------------------------------------

Time : 11:52:50.5370 
Message : IntializedMerchantContext called 
----------------------------------------------------------------------------------------------------------------------------------------------------------------

Time : 11:52:53.8582 
Message : IntializedMerchantContext called 
----------------------------------------------------------------------------------------------------------------------------------------------------------------

Time : 11:52:54.8509 
Message : IntializedMerchantContext called 
----------------------------------------------------------------------------------------------------------------------------------------------------------------

Time : 11:52:55.8824 
Message : IntializedMerchantContext called 
----------------------------------------------------------------------------------------------------------------------------------------------------------------

Time : 11:52:58.9985 
Message : IntializedMerchantContext called 
----------------------------------------------------------------------------------------------------------------------------------------------------------------

Time : 11:53:01.6824 
Message : IntializedMerchantContext called 
----------------------------------------------------------------------------------------------------------------------------------------------------------------

Time : 11:53:02.7091 
Message : IntializedMerchantContext called 
----------------------------------------------------------------------------------------------------------------------------------------------------------------

Time : 11:53:13.0033 
Message : IntializedMerchantContext called 
----------------------------------------------------------------------------------------------------------------------------------------------------------------

Time : 11:53:14.0019 
Message : IntializedMerchantContext called 
----------------------------------------------------------------------------------------------------------------------------------------------------------------

Time : 11:53:15.0181 
Message : IntializedMerchantContext called 
----------------------------------------------------------------------------------------------------------------------------------------------------------------

Time : 11:53:16.0338 
Message : IntializedMerchantContext called 
----------------------------------------------------------------------------------------------------------------------------------------------------------------

Time : 11:53:17.9081 
Message : IntializedMerchantContext called 
----------------------------------------------------------------------------------------------------------------------------------------------------------------

Time : 11:53:18.8938 
Message : IntializedMerchantContext called 
----------------------------------------------------------------------------------------------------------------------------------------------------------------

Time : 11:53:19.9184 
Message : IntializedMerchantContext called 
----------------------------------------------------------------------------------------------------------------------------------------------------------------

Time : 11:53:26.3095 
Message : IntializedMerchantContext called 
----------------------------------------------------------------------------------------------------------------------------------------------------------------

Time : 11:53:30.1399 
Message : IntializedMerchantContext called 
----------------------------------------------------------------------------------------------------------------------------------------------------------------

Time : 11:53:34.3656 
Message : IntializedMerchantContext called 
----------------------------------------------------------------------------------------------------------------------------------------------------------------

Time : 11:53:39.7423 
Message : IntializedMerchantContext called 
----------------------------------------------------------------------------------------------------------------------------------------------------------------

Time : 11:53:46.2194 
Message : IntializedMerchantContext called 
----------------------------------------------------------------------------------------------------------------------------------------------------------------

Time : 11:53:47.2361 
Message : IntializedMerchantContext called 
----------------------------------------------------------------------------------------------------------------------------------------------------------------

Time : 11:53:57.3736 
Message : IntializedMerchantContext called 
----------------------------------------------------------------------------------------------------------------------------------------------------------------

Time : 11:53:58.3923 
Message : IntializedMerchantContext called 
----------------------------------------------------------------------------------------------------------------------------------------------------------------

Time : 11:53:59.4071 
Message : IntializedMerchantContext called 
----------------------------------------------------------------------------------------------------------------------------------------------------------------

Time : 11:54:00.1686 
Message : IntializedMerchantContext called 
----------------------------------------------------------------------------------------------------------------------------------------------------------------

Time : 11:54:00.9251 
Message : IntializedMerchantContext called 
----------------------------------------------------------------------------------------------------------------------------------------------------------------

Time : 11:54:01.6846 
Message : IntializedMerchantContext called 
----------------------------------------------------------------------------------------------------------------------------------------------------------------

Time : 11:54:02.4171 
Message : IntializedMerchantContext called 
----------------------------------------------------------------------------------------------------------------------------------------------------------------

Time : 11:54:03.2337 
Message : IntializedMerchantContext called 
----------------------------------------------------------------------------------------------------------------------------------------------------------------

Time : 11:54:03.9762 
Message : IntializedMerchantContext called 
----------------------------------------------------------------------------------------------------------------------------------------------------------------

Time : 11:54:04.7877 
Message : IntializedMerchantContext called 
----------------------------------------------------------------------------------------------------------------------------------------------------------------

Time : 11:54:05.5683 
Message : IntializedMerchantContext called 
----------------------------------------------------------------------------------------------------------------------------------------------------------------

Time : 11:54:06.6610 
Message : IntializedMerchantContext called 
----------------------------------------------------------------------------------------------------------------------------------------------------------------

Time : 11:54:07.6901 
Message : IntializedMerchantContext called 
----------------------------------------------------------------------------------------------------------------------------------------------------------------

Time : 11:54:08.7078 
Message : IntializedMerchantContext called 
----------------------------------------------------------------------------------------------------------------------------------------------------------------

Time : 11:54:09.4132 
Message : IntializedMerchantContext called 
----------------------------------------------------------------------------------------------------------------------------------------------------------------

Time : 11:54:10.1908 
Message : IntializedMerchantContext called 
----------------------------------------------------------------------------------------------------------------------------------------------------------------

Time : 11:54:11.3275 
Message : IntializedMerchantContext called 
----------------------------------------------------------------------------------------------------------------------------------------------------------------

Time : 11:54:12.0460 
Message : IntializedMerchantContext called 
----------------------------------------------------------------------------------------------------------------------------------------------------------------

Time : 11:55:06.6421 
Message : IntializedMerchantContext called 
----------------------------------------------------------------------------------------------------------------------------------------------------------------

Time : 11:55:08.9016 
Message : IntializedMerchantContext called 
----------------------------------------------------------------------------------------------------------------------------------------------------------------

Time : 11:55:09.9103 
Message : IntializedMerchantContext called 
----------------------------------------------------------------------------------------------------------------------------------------------------------------

Time : 11:55:11.1772 
Message : IntializedMerchantContext called 
----------------------------------------------------------------------------------------------------------------------------------------------------------------

Time : 11:55:12.1888 
Message : IntializedMerchantContext called 
----------------------------------------------------------------------------------------------------------------------------------------------------------------

Time : 11:55:16.1859 
Message : IntializedMerchantContext called 
----------------------------------------------------------------------------------------------------------------------------------------------------------------

Time : 11:55:21.7046 
Message : IntializedMerchantContext called 
----------------------------------------------------------------------------------------------------------------------------------------------------------------

Time : 11:55:22.7253 
Message : IntializedMerchantContext called 
----------------------------------------------------------------------------------------------------------------------------------------------------------------

Time : 11:55:24.7739 
Message : IntializedMerchantContext called 
----------------------------------------------------------------------------------------------------------------------------------------------------------------

Time : 11:55:31.6945 
Message : IntializedMerchantContext called 
----------------------------------------------------------------------------------------------------------------------------------------------------------------

Time : 11:55:32.7142 
Message : IntializedMerchantContext called 
----------------------------------------------------------------------------------------------------------------------------------------------------------------

Time : 11:55:33.7225 
Message : IntializedMerchantContext called 
----------------------------------------------------------------------------------------------------------------------------------------------------------------

Time : 12:03:47.6000 
Message : IntializedMerchantContext called 
----------------------------------------------------------------------------------------------------------------------------------------------------------------

Time : 12:03:47.6971 
Message : IntializedMerchantContext called 
----------------------------------------------------------------------------------------------------------------------------------------------------------------

Time : 12:03:47.7831 
Message : IntializedMerchantContext called 
----------------------------------------------------------------------------------------------------------------------------------------------------------------

Time : 12:04:12.3096 
Message : IntializedMerchantContext called 
----------------------------------------------------------------------------------------------------------------------------------------------------------------

Time : 12:04:12.3416 
Message : IntializedMerchantContext called 
----------------------------------------------------------------------------------------------------------------------------------------------------------------

Time : 12:04:12.4267 
Message : IntializedMerchantContext called 
----------------------------------------------------------------------------------------------------------------------------------------------------------------

Time : 12:04:18.8760 
Message : IntializedMerchantContext called 
----------------------------------------------------------------------------------------------------------------------------------------------------------------

Time : 12:04:18.9661 
Message : IntializedMerchantContext called 
----------------------------------------------------------------------------------------------------------------------------------------------------------------

Time : 12:04:19.2323 
Message : IntializedMerchantContext called 
----------------------------------------------------------------------------------------------------------------------------------------------------------------

Time : 12:04:28.0809 
Message : IntializedMerchantContext called 
----------------------------------------------------------------------------------------------------------------------------------------------------------------

Time : 12:04:28.1609 
Message : IntializedMerchantContext called 
----------------------------------------------------------------------------------------------------------------------------------------------------------------

Time : 12:10:01.9213 
Message : IntializedMerchantContext called 
----------------------------------------------------------------------------------------------------------------------------------------------------------------

Time : 12:10:01.9564 
Message : IntializedMerchantContext called 
----------------------------------------------------------------------------------------------------------------------------------------------------------------

Time : 12:10:02.0024 
Message : IntializedMerchantContext called 
----------------------------------------------------------------------------------------------------------------------------------------------------------------

Time : 12:10:08.1796 
Message : IntializedMerchantContext called 
----------------------------------------------------------------------------------------------------------------------------------------------------------------

Time : 12:10:08.2506 
Message : IntializedMerchantContext called 
----------------------------------------------------------------------------------------------------------------------------------------------------------------

Time : 12:10:08.3507 
Message : IntializedMerchantContext called 
----------------------------------------------------------------------------------------------------------------------------------------------------------------

Time : 12:10:16.2040 
Message : IntializedMerchantContext called 
----------------------------------------------------------------------------------------------------------------------------------------------------------------

Time : 12:10:16.2600 
Message : IntializedMerchantContext called 
----------------------------------------------------------------------------------------------------------------------------------------------------------------

Time : 14:43:57.2862 
Message : Application Started Login Controller 
----------------------------------------------------------------------------------------------------------------------------------------------------------------

Time : 14:44:00.6385 
Message : Application Started Login Controller 
----------------------------------------------------------------------------------------------------------------------------------------------------------------

Time : 14:44:13.5751 
Message : Application Loaded 
----------------------------------------------------------------------------------------------------------------------------------------------------------------

Time : 14:44:17.4297 
Message : IntializedMerchantContext called 
----------------------------------------------------------------------------------------------------------------------------------------------------------------

Time : 14:44:50.1278 
Message : IntializedMerchantContext called 
----------------------------------------------------------------------------------------------------------------------------------------------------------------

Time : 14:44:51.6118 
Message : IntializedMerchantContext called 
----------------------------------------------------------------------------------------------------------------------------------------------------------------

Time : 14:44:52.6168 
Message : IntializedMerchantContext called 
----------------------------------------------------------------------------------------------------------------------------------------------------------------

Time : 14:45:25.5855 
Message : Application Loaded 
----------------------------------------------------------------------------------------------------------------------------------------------------------------

Time : 14:45:28.6355 
Message : IntializedMerchantContext called 
----------------------------------------------------------------------------------------------------------------------------------------------------------------

Time : 14:45:30.4308 
Message : IntializedMerchantContext called 
----------------------------------------------------------------------------------------------------------------------------------------------------------------

Time : 14:45:30.4688 
Message : IntializedMerchantContext called 
----------------------------------------------------------------------------------------------------------------------------------------------------------------

Time : 14:45:30.4688 
Message : IntializedMerchantContext called 
----------------------------------------------------------------------------------------------------------------------------------------------------------------

Time : 14:45:58.2753 
Message : Application Loaded 
----------------------------------------------------------------------------------------------------------------------------------------------------------------

Time : 14:45:59.5351 
Message : IntializedMerchantContext called 
----------------------------------------------------------------------------------------------------------------------------------------------------------------

Time : 14:46:02.2483 
Message : IntializedMerchantContext called 
----------------------------------------------------------------------------------------------------------------------------------------------------------------

Time : 14:46:02.2554 
Message : IntializedMerchantContext called 
----------------------------------------------------------------------------------------------------------------------------------------------------------------

Time : 14:46:02.2554 
Message : IntializedMerchantContext called 
----------------------------------------------------------------------------------------------------------------------------------------------------------------

Time : 16:44:20.4899 
Message : Application Loaded 
----------------------------------------------------------------------------------------------------------------------------------------------------------------

Time : 16:44:23.6032 
Message : IntializedMerchantContext called 
----------------------------------------------------------------------------------------------------------------------------------------------------------------

Time : 16:44:26.4251 
Message : IntializedMerchantContext called 
----------------------------------------------------------------------------------------------------------------------------------------------------------------

Time : 16:44:26.4651 
Message : IntializedMerchantContext called 
----------------------------------------------------------------------------------------------------------------------------------------------------------------

Time : 16:44:26.4651 
Message : IntializedMerchantContext called 
----------------------------------------------------------------------------------------------------------------------------------------------------------------

Time : 16:44:47.7741 
Message : Application Loaded 
----------------------------------------------------------------------------------------------------------------------------------------------------------------

Time : 16:44:48.8919 
Message : IntializedMerchantContext called 
----------------------------------------------------------------------------------------------------------------------------------------------------------------

Time : 16:44:50.1077 
Message : IntializedMerchantContext called 
----------------------------------------------------------------------------------------------------------------------------------------------------------------

Time : 16:44:50.1227 
Message : IntializedMerchantContext called 
----------------------------------------------------------------------------------------------------------------------------------------------------------------

Time : 16:44:50.1227 
Message : IntializedMerchantContext called 
----------------------------------------------------------------------------------------------------------------------------------------------------------------

Time : 16:44:59.2291 
Message : Application Loaded 
----------------------------------------------------------------------------------------------------------------------------------------------------------------

Time : 16:45:00.4604 
Message : IntializedMerchantContext called 
----------------------------------------------------------------------------------------------------------------------------------------------------------------

Time : 16:45:03.1292 
Message : IntializedMerchantContext called 
----------------------------------------------------------------------------------------------------------------------------------------------------------------

Time : 16:45:03.1292 
Message : IntializedMerchantContext called 
----------------------------------------------------------------------------------------------------------------------------------------------------------------

Time : 16:45:03.1582 
Message : IntializedMerchantContext called 
----------------------------------------------------------------------------------------------------------------------------------------------------------------

Time : 16:55:10.5992 
Message : Application Loaded 
----------------------------------------------------------------------------------------------------------------------------------------------------------------

Time : 16:55:12.6035 
Message : IntializedMerchantContext called 
----------------------------------------------------------------------------------------------------------------------------------------------------------------

Time : 16:55:15.2643 
Message : IntializedMerchantContext called 
----------------------------------------------------------------------------------------------------------------------------------------------------------------

Time : 16:55:15.2643 
Message : IntializedMerchantContext called 
----------------------------------------------------------------------------------------------------------------------------------------------------------------

Time : 16:55:15.2783 
Message : IntializedMerchantContext called 
----------------------------------------------------------------------------------------------------------------------------------------------------------------

Time : 16:55:44.5678 
Message : Application Loaded 
----------------------------------------------------------------------------------------------------------------------------------------------------------------

Time : 16:55:46.1782 
Message : IntializedMerchantContext called 
----------------------------------------------------------------------------------------------------------------------------------------------------------------

Time : 16:55:47.5296 
Message : IntializedMerchantContext called 
----------------------------------------------------------------------------------------------------------------------------------------------------------------

Time : 16:55:47.5446 
Message : IntializedMerchantContext called 
----------------------------------------------------------------------------------------------------------------------------------------------------------------

Time : 16:55:47.5446 
Message : IntializedMerchantContext called 
----------------------------------------------------------------------------------------------------------------------------------------------------------------

Time : 16:56:12.1370 
Message : Application Loaded 
----------------------------------------------------------------------------------------------------------------------------------------------------------------

Time : 16:56:13.2527 
Message : IntializedMerchantContext called 
----------------------------------------------------------------------------------------------------------------------------------------------------------------

Time : 16:56:14.5696 
Message : IntializedMerchantContext called 
----------------------------------------------------------------------------------------------------------------------------------------------------------------

Time : 16:56:14.5696 
Message : IntializedMerchantContext called 
----------------------------------------------------------------------------------------------------------------------------------------------------------------

Time : 16:56:22.0050 
Message : IntializedMerchantContext called 
----------------------------------------------------------------------------------------------------------------------------------------------------------------

Time : 16:56:22.0050 
Message : IntializedMerchantContext called 
----------------------------------------------------------------------------------------------------------------------------------------------------------------

Time : 16:56:35.8522 
Message : IntializedMerchantContext called 
----------------------------------------------------------------------------------------------------------------------------------------------------------------

Time : 16:56:35.8522 
Message : IntializedMerchantContext called 
----------------------------------------------------------------------------------------------------------------------------------------------------------------

Time : 16:56:37.2813 
Message : IntializedMerchantContext called 
----------------------------------------------------------------------------------------------------------------------------------------------------------------

Time : 16:56:37.2813 
Message : IntializedMerchantContext called 
----------------------------------------------------------------------------------------------------------------------------------------------------------------

Time : 16:56:42.5023 
Message : IntializedMerchantContext called 
----------------------------------------------------------------------------------------------------------------------------------------------------------------

Time : 16:56:42.5173 
Message : IntializedMerchantContext called 
----------------------------------------------------------------------------------------------------------------------------------------------------------------

Time : 16:56:42.5173 
Message : IntializedMerchantContext called 
----------------------------------------------------------------------------------------------------------------------------------------------------------------

Time : 16:56:52.2003 
Message : IntializedMerchantContext called 
----------------------------------------------------------------------------------------------------------------------------------------------------------------

Time : 16:56:52.2003 
Message : IntializedMerchantContext called 
----------------------------------------------------------------------------------------------------------------------------------------------------------------

Time : 16:57:19.6909 
Message : IntializedMerchantContext called 
----------------------------------------------------------------------------------------------------------------------------------------------------------------

Time : 16:57:19.7069 
Message : IntializedMerchantContext called 
----------------------------------------------------------------------------------------------------------------------------------------------------------------

Time : 16:57:19.7069 
Message : IntializedMerchantContext called 
----------------------------------------------------------------------------------------------------------------------------------------------------------------

