Time : 11:05:43.3935 
Message : Application Started Login Controller 
----------------------------------------------------------------------------------------------------------------------------------------------------------------

Time : 11:05:51.5590 
Message : Application Loaded 
----------------------------------------------------------------------------------------------------------------------------------------------------------------

Time : 11:05:56.6825 
Message : IntializedMerchantContext called 
----------------------------------------------------------------------------------------------------------------------------------------------------------------

Time : 11:08:09.1515 
Message : Application Started Login Controller 
----------------------------------------------------------------------------------------------------------------------------------------------------------------

Time : 11:08:27.9066 
Message : Application Loaded 
----------------------------------------------------------------------------------------------------------------------------------------------------------------

Time : 11:08:28.5741 
Message : IntializedMerchantContext called 
----------------------------------------------------------------------------------------------------------------------------------------------------------------

Time : 11:24:07.9980 
Message : Application Loaded 
----------------------------------------------------------------------------------------------------------------------------------------------------------------

Time : 11:24:08.8228 
Message : IntializedMerchantContext called 
----------------------------------------------------------------------------------------------------------------------------------------------------------------

Time : 11:25:03.5667 
Message : Application Loaded 
----------------------------------------------------------------------------------------------------------------------------------------------------------------

Time : 11:25:04.4918 
Message : IntializedMerchantContext called 
----------------------------------------------------------------------------------------------------------------------------------------------------------------

Time : 12:09:18.6953 
Message : Application Started Login Controller 
----------------------------------------------------------------------------------------------------------------------------------------------------------------

Time : 12:15:56.7340 
Message : Application Loaded 
----------------------------------------------------------------------------------------------------------------------------------------------------------------

Time : 12:16:02.5425 
Message : IntializedMerchantContext called 
----------------------------------------------------------------------------------------------------------------------------------------------------------------

Time : 12:19:16.7942 
Message : IntializedMerchantContext called 
----------------------------------------------------------------------------------------------------------------------------------------------------------------

Time : 12:19:20.4979 
Message : IntializedMerchantContext called 
----------------------------------------------------------------------------------------------------------------------------------------------------------------

Time : 12:19:23.5735 
Message : IntializedMerchantContext called 
----------------------------------------------------------------------------------------------------------------------------------------------------------------

Time : 12:19:23.5735 
Message : IntializedMerchantContext called 
----------------------------------------------------------------------------------------------------------------------------------------------------------------

Time : 12:19:23.5845 
Message : IntializedMerchantContext called 
----------------------------------------------------------------------------------------------------------------------------------------------------------------

Time : 12:19:24.3505 
Message : IntializedMerchantContext called 
----------------------------------------------------------------------------------------------------------------------------------------------------------------

Time : 12:19:29.5668 
Message : IntializedMerchantContext called 
----------------------------------------------------------------------------------------------------------------------------------------------------------------

Time : 12:19:29.5668 
Message : IntializedMerchantContext called 
----------------------------------------------------------------------------------------------------------------------------------------------------------------

Time : 12:19:29.6078 
Message : IntializedMerchantContext called 
----------------------------------------------------------------------------------------------------------------------------------------------------------------

Time : 12:19:30.2441 
Message : IntializedMerchantContext called 
----------------------------------------------------------------------------------------------------------------------------------------------------------------

Time : 12:19:47.4107 
Message : IntializedMerchantContext called 
----------------------------------------------------------------------------------------------------------------------------------------------------------------

Time : 12:19:47.4947 
Message : IntializedMerchantContext called 
----------------------------------------------------------------------------------------------------------------------------------------------------------------

Time : 12:19:47.4947 
Message : IntializedMerchantContext called 
----------------------------------------------------------------------------------------------------------------------------------------------------------------

Time : 12:20:05.7108 
Message : IntializedMerchantContext called 
----------------------------------------------------------------------------------------------------------------------------------------------------------------

Time : 12:20:05.7108 
Message : IntializedMerchantContext called 
----------------------------------------------------------------------------------------------------------------------------------------------------------------

Time : 12:20:09.0142 
Message : IntializedMerchantContext called 
----------------------------------------------------------------------------------------------------------------------------------------------------------------

Time : 12:20:09.0142 
Message : IntializedMerchantContext called 
----------------------------------------------------------------------------------------------------------------------------------------------------------------

Time : 12:20:14.5539 
Message : IntializedMerchantContext called 
----------------------------------------------------------------------------------------------------------------------------------------------------------------

Time : 12:20:15.3463 
Message : IntializedMerchantContext called 
----------------------------------------------------------------------------------------------------------------------------------------------------------------

Time : 12:20:16.1197 
Message : IntializedMerchantContext called 
----------------------------------------------------------------------------------------------------------------------------------------------------------------

Time : 12:20:16.8483 
Message : IntializedMerchantContext called 
----------------------------------------------------------------------------------------------------------------------------------------------------------------

Time : 12:20:17.5618 
Message : IntializedMerchantContext called 
----------------------------------------------------------------------------------------------------------------------------------------------------------------

Time : 12:20:19.6785 
Message : IntializedMerchantContext called 
----------------------------------------------------------------------------------------------------------------------------------------------------------------

Time : 14:59:52.9826 
Message : Application Started Login Controller 
----------------------------------------------------------------------------------------------------------------------------------------------------------------

Time : 15:04:18.8511 
Message : IntializedMerchantContext called 
----------------------------------------------------------------------------------------------------------------------------------------------------------------

Time : 15:04:38.6241 
Message : IntializedMerchantContext called 
----------------------------------------------------------------------------------------------------------------------------------------------------------------

Time : 15:05:54.0191 
Message : Application Loaded 
----------------------------------------------------------------------------------------------------------------------------------------------------------------

Time : 15:07:48.0779 
Message : IntializedMerchantContext called 
----------------------------------------------------------------------------------------------------------------------------------------------------------------

Time : 15:07:51.9582 
Message : IntializedMerchantContext called 
----------------------------------------------------------------------------------------------------------------------------------------------------------------

Time : 15:30:26.8170 
Message : IntializedMerchantContext called 
----------------------------------------------------------------------------------------------------------------------------------------------------------------

Time : 15:41:38.0743 
Message : IntializedMerchantContext called 
----------------------------------------------------------------------------------------------------------------------------------------------------------------

Time : 15:41:38.1083 
Message : IntializedMerchantContext called 
----------------------------------------------------------------------------------------------------------------------------------------------------------------

Time : 15:41:38.1353 
Message : IntializedMerchantContext called 
----------------------------------------------------------------------------------------------------------------------------------------------------------------

Time : 15:41:38.7929 
Message : IntializedMerchantContext called 
----------------------------------------------------------------------------------------------------------------------------------------------------------------

Time : 15:43:51.2031 
Message : IntializedMerchantContext called 
----------------------------------------------------------------------------------------------------------------------------------------------------------------

Time : 15:43:53.7022 
Message : IntializedMerchantContext called 
----------------------------------------------------------------------------------------------------------------------------------------------------------------

Time : 15:44:23.7657 
Message : IntializedMerchantContext called 
----------------------------------------------------------------------------------------------------------------------------------------------------------------

Time : 15:44:24.5348 
Message : IntializedMerchantContext called 
----------------------------------------------------------------------------------------------------------------------------------------------------------------

Time : 15:44:43.5812 
Message : IntializedMerchantContext called 
----------------------------------------------------------------------------------------------------------------------------------------------------------------

Time : 15:44:57.8910 
Message : IntializedMerchantContext called 
----------------------------------------------------------------------------------------------------------------------------------------------------------------

Time : 15:44:57.8930 
Message : IntializedMerchantContext called 
----------------------------------------------------------------------------------------------------------------------------------------------------------------

Time : 15:44:57.8930 
Message : IntializedMerchantContext called 
----------------------------------------------------------------------------------------------------------------------------------------------------------------

Time : 15:44:58.4987 
Message : IntializedMerchantContext called 
----------------------------------------------------------------------------------------------------------------------------------------------------------------

Time : 15:46:24.3608 
Message : Application Loaded 
----------------------------------------------------------------------------------------------------------------------------------------------------------------

Time : 15:46:27.2044 
Message : IntializedMerchantContext called 
----------------------------------------------------------------------------------------------------------------------------------------------------------------

Time : 15:46:31.3708 
Message : IntializedMerchantContext called 
----------------------------------------------------------------------------------------------------------------------------------------------------------------

Time : 15:46:31.3778 
Message : IntializedMerchantContext called 
----------------------------------------------------------------------------------------------------------------------------------------------------------------

Time : 15:46:31.3778 
Message : IntializedMerchantContext called 
----------------------------------------------------------------------------------------------------------------------------------------------------------------

Time : 15:46:32.3504 
Message : IntializedMerchantContext called 
----------------------------------------------------------------------------------------------------------------------------------------------------------------

Time : 15:47:58.7931 
Message : Application Loaded 
----------------------------------------------------------------------------------------------------------------------------------------------------------------

Time : 15:47:59.8200 
Message : IntializedMerchantContext called 
----------------------------------------------------------------------------------------------------------------------------------------------------------------

Time : 15:48:03.4681 
Message : IntializedMerchantContext called 
----------------------------------------------------------------------------------------------------------------------------------------------------------------

Time : 15:48:03.4681 
Message : IntializedMerchantContext called 
----------------------------------------------------------------------------------------------------------------------------------------------------------------

Time : 15:48:03.4741 
Message : IntializedMerchantContext called 
----------------------------------------------------------------------------------------------------------------------------------------------------------------

Time : 15:48:04.1373 
Message : IntializedMerchantContext called 
----------------------------------------------------------------------------------------------------------------------------------------------------------------

Time : 15:51:48.0871 
Message : IntializedMerchantContext called 
----------------------------------------------------------------------------------------------------------------------------------------------------------------

Time : 15:51:56.1951 
Message : IntializedMerchantContext called 
----------------------------------------------------------------------------------------------------------------------------------------------------------------

Time : 15:51:59.1824 
Message : IntializedMerchantContext called 
----------------------------------------------------------------------------------------------------------------------------------------------------------------

Time : 15:51:59.2894 
Message : IntializedMerchantContext called 
----------------------------------------------------------------------------------------------------------------------------------------------------------------

Time : 15:51:59.2894 
Message : IntializedMerchantContext called 
----------------------------------------------------------------------------------------------------------------------------------------------------------------

Time : 15:57:00.0757 
Message : Application Loaded 
----------------------------------------------------------------------------------------------------------------------------------------------------------------

Time : 15:57:03.4004 
Message : IntializedMerchantContext called 
----------------------------------------------------------------------------------------------------------------------------------------------------------------

Time : 15:57:06.7268 
Message : IntializedMerchantContext called 
----------------------------------------------------------------------------------------------------------------------------------------------------------------

Time : 15:57:06.7728 
Message : IntializedMerchantContext called 
----------------------------------------------------------------------------------------------------------------------------------------------------------------

Time : 15:57:06.7728 
Message : IntializedMerchantContext called 
----------------------------------------------------------------------------------------------------------------------------------------------------------------

Time : 16:01:02.2544 
Message : Application Loaded 
----------------------------------------------------------------------------------------------------------------------------------------------------------------

Time : 16:01:04.4088 
Message : IntializedMerchantContext called 
----------------------------------------------------------------------------------------------------------------------------------------------------------------

Time : 16:01:06.1214 
Message : IntializedMerchantContext called 
----------------------------------------------------------------------------------------------------------------------------------------------------------------

Time : 16:01:06.1394 
Message : IntializedMerchantContext called 
----------------------------------------------------------------------------------------------------------------------------------------------------------------

Time : 16:01:06.1394 
Message : IntializedMerchantContext called 
----------------------------------------------------------------------------------------------------------------------------------------------------------------

Time : 16:02:02.2437 
Message : Application Loaded 
----------------------------------------------------------------------------------------------------------------------------------------------------------------

Time : 16:02:03.2263 
Message : IntializedMerchantContext called 
----------------------------------------------------------------------------------------------------------------------------------------------------------------

Time : 16:02:04.9796 
Message : IntializedMerchantContext called 
----------------------------------------------------------------------------------------------------------------------------------------------------------------

Time : 16:02:04.9796 
Message : IntializedMerchantContext called 
----------------------------------------------------------------------------------------------------------------------------------------------------------------

Time : 16:02:04.9796 
Message : IntializedMerchantContext called 
----------------------------------------------------------------------------------------------------------------------------------------------------------------

Time : 16:03:03.0114 
Message : Application Loaded 
----------------------------------------------------------------------------------------------------------------------------------------------------------------

Time : 16:03:04.6056 
Message : IntializedMerchantContext called 
----------------------------------------------------------------------------------------------------------------------------------------------------------------

Time : 16:03:17.3495 
Message : IntializedMerchantContext called 
----------------------------------------------------------------------------------------------------------------------------------------------------------------

Time : 16:03:17.3615 
Message : IntializedMerchantContext called 
----------------------------------------------------------------------------------------------------------------------------------------------------------------

Time : 16:03:17.3615 
Message : IntializedMerchantContext called 
----------------------------------------------------------------------------------------------------------------------------------------------------------------

Time : 16:03:44.5586 
Message : Application Loaded 
----------------------------------------------------------------------------------------------------------------------------------------------------------------

Time : 16:03:45.8962 
Message : IntializedMerchantContext called 
----------------------------------------------------------------------------------------------------------------------------------------------------------------

Time : 16:03:54.8166 
Message : IntializedMerchantContext called 
----------------------------------------------------------------------------------------------------------------------------------------------------------------

Time : 16:03:54.8326 
Message : IntializedMerchantContext called 
----------------------------------------------------------------------------------------------------------------------------------------------------------------

Time : 16:03:54.8326 
Message : IntializedMerchantContext called 
----------------------------------------------------------------------------------------------------------------------------------------------------------------

Time : 16:05:19.2281 
Message : Application Loaded 
----------------------------------------------------------------------------------------------------------------------------------------------------------------

Time : 16:05:20.6662 
Message : IntializedMerchantContext called 
----------------------------------------------------------------------------------------------------------------------------------------------------------------

Time : 16:05:31.4525 
Message : IntializedMerchantContext called 
----------------------------------------------------------------------------------------------------------------------------------------------------------------

Time : 16:05:31.4525 
Message : IntializedMerchantContext called 
----------------------------------------------------------------------------------------------------------------------------------------------------------------

Time : 16:05:31.9828 
Message : IntializedMerchantContext called 
----------------------------------------------------------------------------------------------------------------------------------------------------------------

Time : 16:07:28.6829 
Message : IntializedMerchantContext called 
----------------------------------------------------------------------------------------------------------------------------------------------------------------

Time : 16:07:28.6829 
Message : IntializedMerchantContext called 
----------------------------------------------------------------------------------------------------------------------------------------------------------------

Time : 16:07:28.7049 
Message : IntializedMerchantContext called 
----------------------------------------------------------------------------------------------------------------------------------------------------------------

Time : 16:07:28.7619 
Message : IntializedMerchantContext called 
----------------------------------------------------------------------------------------------------------------------------------------------------------------

Time : 16:07:29.5150 
Message : IntializedMerchantContext called 
----------------------------------------------------------------------------------------------------------------------------------------------------------------

Time : 16:07:53.5039 
Message : Application Loaded 
----------------------------------------------------------------------------------------------------------------------------------------------------------------

Time : 16:07:54.6699 
Message : IntializedMerchantContext called 
----------------------------------------------------------------------------------------------------------------------------------------------------------------

Time : 16:08:01.9796 
Message : IntializedMerchantContext called 
----------------------------------------------------------------------------------------------------------------------------------------------------------------

Time : 16:08:01.9796 
Message : IntializedMerchantContext called 
----------------------------------------------------------------------------------------------------------------------------------------------------------------

Time : 16:08:01.9956 
Message : IntializedMerchantContext called 
----------------------------------------------------------------------------------------------------------------------------------------------------------------

Time : 16:08:01.9956 
Message : IntializedMerchantContext called 
----------------------------------------------------------------------------------------------------------------------------------------------------------------

Time : 16:08:02.0237 
Message : IntializedMerchantContext called 
----------------------------------------------------------------------------------------------------------------------------------------------------------------

Time : 16:08:02.7792 
Message : IntializedMerchantContext called 
----------------------------------------------------------------------------------------------------------------------------------------------------------------

Time : 16:08:45.2168 
Message : IntializedMerchantContext called 
----------------------------------------------------------------------------------------------------------------------------------------------------------------

Time : 16:08:45.2318 
Message : IntializedMerchantContext called 
----------------------------------------------------------------------------------------------------------------------------------------------------------------

Time : 16:08:45.2318 
Message : IntializedMerchantContext called 
----------------------------------------------------------------------------------------------------------------------------------------------------------------

Time : 16:08:52.7824 
Message : IntializedMerchantContext called 
----------------------------------------------------------------------------------------------------------------------------------------------------------------

Time : 16:08:52.7824 
Message : IntializedMerchantContext called 
----------------------------------------------------------------------------------------------------------------------------------------------------------------

Time : 16:08:52.7824 
Message : IntializedMerchantContext called 
----------------------------------------------------------------------------------------------------------------------------------------------------------------

Time : 16:08:52.8564 
Message : IntializedMerchantContext called 
----------------------------------------------------------------------------------------------------------------------------------------------------------------

Time : 16:09:16.4570 
Message : IntializedMerchantContext called 
----------------------------------------------------------------------------------------------------------------------------------------------------------------

Time : 16:09:16.4980 
Message : IntializedMerchantContext called 
----------------------------------------------------------------------------------------------------------------------------------------------------------------

Time : 16:09:16.4980 
Message : IntializedMerchantContext called 
----------------------------------------------------------------------------------------------------------------------------------------------------------------

Time : 16:25:27.0737 
Message : Application Started Login Controller 
----------------------------------------------------------------------------------------------------------------------------------------------------------------

Time : 16:26:04.5792 
Message : Application Started Login Controller 
----------------------------------------------------------------------------------------------------------------------------------------------------------------

Time : 16:26:04.6162 
Message : Application Loaded 
----------------------------------------------------------------------------------------------------------------------------------------------------------------

Time : 16:26:16.6233 
Message : Application Started Login Controller 
----------------------------------------------------------------------------------------------------------------------------------------------------------------

Time : 16:26:16.6394 
Message : Application Loaded 
----------------------------------------------------------------------------------------------------------------------------------------------------------------

Time : 16:26:27.8440 
Message : Application Loaded 
----------------------------------------------------------------------------------------------------------------------------------------------------------------

Time : 16:27:00.1245 
Message : Application Started Login Controller 
----------------------------------------------------------------------------------------------------------------------------------------------------------------

Time : 16:27:00.1385 
Message : Application Loaded 
----------------------------------------------------------------------------------------------------------------------------------------------------------------

Time : 16:35:04.8073 
Message : Application Started Login Controller 
----------------------------------------------------------------------------------------------------------------------------------------------------------------

Time : 16:35:17.2543 
Message : Application Loaded 
----------------------------------------------------------------------------------------------------------------------------------------------------------------

