Time : 08:38:01.0161 
Message : IntializedMerchantContext called 
----------------------------------------------------------------------------------------------------------------------------------------------------------------

Time : 08:38:01.1042 
Message : IntializedMerchantContext called 
----------------------------------------------------------------------------------------------------------------------------------------------------------------

Time : 08:38:01.1702 
Message : IntializedMerchantContext called 
----------------------------------------------------------------------------------------------------------------------------------------------------------------

Time : 08:41:06.7193 
Message : IntializedMerchantContext called 
----------------------------------------------------------------------------------------------------------------------------------------------------------------

Time : 08:41:06.7884 
Message : IntializedMerchantContext called 
----------------------------------------------------------------------------------------------------------------------------------------------------------------

Time : 08:41:06.8684 
Message : IntializedMerchantContext called 
----------------------------------------------------------------------------------------------------------------------------------------------------------------

Time : 08:42:34.0119 
Message : IntializedMerchantContext called 
----------------------------------------------------------------------------------------------------------------------------------------------------------------

Time : 08:42:34.0590 
Message : IntializedMerchantContext called 
----------------------------------------------------------------------------------------------------------------------------------------------------------------

Time : 08:42:34.1340 
Message : IntializedMerchantContext called 
----------------------------------------------------------------------------------------------------------------------------------------------------------------

Time : 08:51:42.7761 
Message : IntializedMerchantContext called 
----------------------------------------------------------------------------------------------------------------------------------------------------------------

Time : 08:51:42.8791 
Message : IntializedMerchantContext called 
----------------------------------------------------------------------------------------------------------------------------------------------------------------

Time : 08:51:42.9872 
Message : IntializedMerchantContext called 
----------------------------------------------------------------------------------------------------------------------------------------------------------------

Time : 09:03:01.6439 
Message : IntializedMerchantContext called 
----------------------------------------------------------------------------------------------------------------------------------------------------------------

Time : 09:03:01.6969 
Message : IntializedMerchantContext called 
----------------------------------------------------------------------------------------------------------------------------------------------------------------

Time : 09:03:01.7620 
Message : IntializedMerchantContext called 
----------------------------------------------------------------------------------------------------------------------------------------------------------------

Time : 09:06:37.0334 
Message : IntializedMerchantContext called 
----------------------------------------------------------------------------------------------------------------------------------------------------------------

Time : 09:06:37.0694 
Message : IntializedMerchantContext called 
----------------------------------------------------------------------------------------------------------------------------------------------------------------

Time : 09:06:37.1314 
Message : IntializedMerchantContext called 
----------------------------------------------------------------------------------------------------------------------------------------------------------------

Time : 09:08:24.2248 
Message : IntializedMerchantContext called 
----------------------------------------------------------------------------------------------------------------------------------------------------------------

Time : 09:08:24.2549 
Message : IntializedMerchantContext called 
----------------------------------------------------------------------------------------------------------------------------------------------------------------

Time : 09:08:24.2969 
Message : IntializedMerchantContext called 
----------------------------------------------------------------------------------------------------------------------------------------------------------------

Time : 09:10:55.0236 
Message : IntializedMerchantContext called 
----------------------------------------------------------------------------------------------------------------------------------------------------------------

Time : 09:10:55.0726 
Message : IntializedMerchantContext called 
----------------------------------------------------------------------------------------------------------------------------------------------------------------

Time : 09:10:55.1256 
Message : IntializedMerchantContext called 
----------------------------------------------------------------------------------------------------------------------------------------------------------------

Time : 09:12:15.6354 
Message : IntializedMerchantContext called 
----------------------------------------------------------------------------------------------------------------------------------------------------------------

Time : 09:12:15.6934 
Message : IntializedMerchantContext called 
----------------------------------------------------------------------------------------------------------------------------------------------------------------

Time : 09:12:15.7785 
Message : IntializedMerchantContext called 
----------------------------------------------------------------------------------------------------------------------------------------------------------------

Time : 09:14:17.9567 
Message : IntializedMerchantContext called 
----------------------------------------------------------------------------------------------------------------------------------------------------------------

Time : 09:14:17.9897 
Message : IntializedMerchantContext called 
----------------------------------------------------------------------------------------------------------------------------------------------------------------

Time : 09:14:18.0518 
Message : IntializedMerchantContext called 
----------------------------------------------------------------------------------------------------------------------------------------------------------------

Time : 09:16:39.6019 
Message : IntializedMerchantContext called 
----------------------------------------------------------------------------------------------------------------------------------------------------------------

Time : 09:16:39.6539 
Message : IntializedMerchantContext called 
----------------------------------------------------------------------------------------------------------------------------------------------------------------

Time : 09:16:39.7070 
Message : IntializedMerchantContext called 
----------------------------------------------------------------------------------------------------------------------------------------------------------------

Time : 09:17:30.9592 
Message : IntializedMerchantContext called 
----------------------------------------------------------------------------------------------------------------------------------------------------------------

Time : 09:17:31.0732 
Message : IntializedMerchantContext called 
----------------------------------------------------------------------------------------------------------------------------------------------------------------

Time : 09:17:39.5779 
Message : IntializedMerchantContext called 
----------------------------------------------------------------------------------------------------------------------------------------------------------------

Time : 09:17:39.6440 
Message : IntializedMerchantContext called 
----------------------------------------------------------------------------------------------------------------------------------------------------------------

Time : 09:17:43.4615 
Message : IntializedMerchantContext called 
----------------------------------------------------------------------------------------------------------------------------------------------------------------

Time : 09:17:43.5005 
Message : IntializedMerchantContext called 
----------------------------------------------------------------------------------------------------------------------------------------------------------------

Time : 09:17:49.9576 
Message : IntializedMerchantContext called 
----------------------------------------------------------------------------------------------------------------------------------------------------------------

Time : 09:17:49.9739 
Message : IntializedMerchantContext called 
----------------------------------------------------------------------------------------------------------------------------------------------------------------

Time : 09:17:57.5109 
Message : IntializedMerchantContext called 
----------------------------------------------------------------------------------------------------------------------------------------------------------------

Time : 09:17:57.5529 
Message : IntializedMerchantContext called 
----------------------------------------------------------------------------------------------------------------------------------------------------------------

Time : 09:18:01.9324 
Message : IntializedMerchantContext called 
----------------------------------------------------------------------------------------------------------------------------------------------------------------

Time : 09:18:01.9484 
Message : IntializedMerchantContext called 
----------------------------------------------------------------------------------------------------------------------------------------------------------------

Time : 09:19:32.6206 
Message : IntializedMerchantContext called 
----------------------------------------------------------------------------------------------------------------------------------------------------------------

Time : 09:19:32.6646 
Message : IntializedMerchantContext called 
----------------------------------------------------------------------------------------------------------------------------------------------------------------

Time : 09:19:32.7376 
Message : IntializedMerchantContext called 
----------------------------------------------------------------------------------------------------------------------------------------------------------------

Time : 09:25:11.6562 
Message : IntializedMerchantContext called 
----------------------------------------------------------------------------------------------------------------------------------------------------------------

Time : 09:25:11.7002 
Message : IntializedMerchantContext called 
----------------------------------------------------------------------------------------------------------------------------------------------------------------

Time : 09:25:11.7873 
Message : IntializedMerchantContext called 
----------------------------------------------------------------------------------------------------------------------------------------------------------------

Time : 09:51:18.4874 
Message : IntializedMerchantContext called 
----------------------------------------------------------------------------------------------------------------------------------------------------------------

Time : 09:51:18.5605 
Message : IntializedMerchantContext called 
----------------------------------------------------------------------------------------------------------------------------------------------------------------

Time : 09:51:42.6820 
Message : IntializedMerchantContext called 
----------------------------------------------------------------------------------------------------------------------------------------------------------------

Time : 09:51:42.7290 
Message : IntializedMerchantContext called 
----------------------------------------------------------------------------------------------------------------------------------------------------------------

Time : 09:57:44.2994 
Message : IntializedMerchantContext called 
----------------------------------------------------------------------------------------------------------------------------------------------------------------

Time : 09:57:44.3415 
Message : IntializedMerchantContext called 
----------------------------------------------------------------------------------------------------------------------------------------------------------------

Time : 09:57:44.4075 
Message : IntializedMerchantContext called 
----------------------------------------------------------------------------------------------------------------------------------------------------------------

Time : 09:58:05.0970 
Message : IntializedMerchantContext called 
----------------------------------------------------------------------------------------------------------------------------------------------------------------

Time : 09:58:05.2041 
Message : IntializedMerchantContext called 
----------------------------------------------------------------------------------------------------------------------------------------------------------------

Time : 10:06:28.8980 
Message : Application Started Login Controller 
----------------------------------------------------------------------------------------------------------------------------------------------------------------

Time : 10:07:17.7316 
Message : IntializedMerchantContext called 
----------------------------------------------------------------------------------------------------------------------------------------------------------------

Time : 10:07:17.8057 
Message : IntializedMerchantContext called 
----------------------------------------------------------------------------------------------------------------------------------------------------------------

Time : 10:07:17.8663 
Message : IntializedMerchantContext called 
----------------------------------------------------------------------------------------------------------------------------------------------------------------

Time : 10:07:18.4677 
Message : IntializedMerchantContext called 
----------------------------------------------------------------------------------------------------------------------------------------------------------------

Time : 10:07:18.6128 
Message : IntializedMerchantContext called 
----------------------------------------------------------------------------------------------------------------------------------------------------------------

Time : 10:07:30.6433 
Message : IntializedMerchantContext called 
----------------------------------------------------------------------------------------------------------------------------------------------------------------

Time : 10:07:30.6714 
Message : IntializedMerchantContext called 
----------------------------------------------------------------------------------------------------------------------------------------------------------------

Time : 10:13:50.4934 
Message : Application Started Login Controller 
----------------------------------------------------------------------------------------------------------------------------------------------------------------

Time : 10:14:01.9802 
Message : IntializedMerchantContext called 
----------------------------------------------------------------------------------------------------------------------------------------------------------------

Time : 10:14:02.1303 
Message : IntializedMerchantContext called 
----------------------------------------------------------------------------------------------------------------------------------------------------------------

Time : 10:14:02.2544 
Message : IntializedMerchantContext called 
----------------------------------------------------------------------------------------------------------------------------------------------------------------

Time : 10:14:03.0259 
Message : IntializedMerchantContext called 
----------------------------------------------------------------------------------------------------------------------------------------------------------------

Time : 10:14:03.2491 
Message : IntializedMerchantContext called 
----------------------------------------------------------------------------------------------------------------------------------------------------------------

Time : 10:14:08.8488 
Message : IntializedMerchantContext called 
----------------------------------------------------------------------------------------------------------------------------------------------------------------

Time : 10:14:08.8779 
Message : IntializedMerchantContext called 
----------------------------------------------------------------------------------------------------------------------------------------------------------------

Time : 10:14:19.4262 
Message : IntializedMerchantContext called 
----------------------------------------------------------------------------------------------------------------------------------------------------------------

Time : 10:22:27.2107 
Message : Application Started Login Controller 
----------------------------------------------------------------------------------------------------------------------------------------------------------------

Time : 10:22:36.4271 
Message : Application Loaded 
----------------------------------------------------------------------------------------------------------------------------------------------------------------

Time : 10:22:43.1106 
Message : IntializedMerchantContext called 
----------------------------------------------------------------------------------------------------------------------------------------------------------------

Time : 10:23:01.9914 
Message : IntializedMerchantContext called 
----------------------------------------------------------------------------------------------------------------------------------------------------------------

Time : 10:23:04.2788 
Message : IntializedMerchantContext called 
----------------------------------------------------------------------------------------------------------------------------------------------------------------

Time : 10:23:14.0559 
Message : IntializedMerchantContext called 
----------------------------------------------------------------------------------------------------------------------------------------------------------------

Time : 10:23:17.6152 
Message : IntializedMerchantContext called 
----------------------------------------------------------------------------------------------------------------------------------------------------------------

Time : 10:23:23.6706 
Message : IntializedMerchantContext called 
----------------------------------------------------------------------------------------------------------------------------------------------------------------

Time : 10:23:26.2942 
Message : IntializedMerchantContext called 
----------------------------------------------------------------------------------------------------------------------------------------------------------------

Time : 10:24:11.5248 
Message : IntializedMerchantContext called 
----------------------------------------------------------------------------------------------------------------------------------------------------------------

Time : 10:24:14.1244 
Message : IntializedMerchantContext called 
----------------------------------------------------------------------------------------------------------------------------------------------------------------

Time : 10:24:32.4049 
Message : IntializedMerchantContext called 
----------------------------------------------------------------------------------------------------------------------------------------------------------------

Time : 10:24:35.8234 
Message : IntializedMerchantContext called 
----------------------------------------------------------------------------------------------------------------------------------------------------------------

Time : 10:24:37.8298 
Message : IntializedMerchantContext called 
----------------------------------------------------------------------------------------------------------------------------------------------------------------

Time : 10:24:54.2072 
Message : IntializedMerchantContext called 
----------------------------------------------------------------------------------------------------------------------------------------------------------------

Time : 10:25:22.3416 
Message : IntializedMerchantContext called 
----------------------------------------------------------------------------------------------------------------------------------------------------------------

Time : 10:25:22.3776 
Message : IntializedMerchantContext called 
----------------------------------------------------------------------------------------------------------------------------------------------------------------

Time : 10:25:32.5837 
Message : IntializedMerchantContext called 
----------------------------------------------------------------------------------------------------------------------------------------------------------------

Time : 10:26:41.2453 
Message : IntializedMerchantContext called 
----------------------------------------------------------------------------------------------------------------------------------------------------------------

Time : 10:26:41.3454 
Message : IntializedMerchantContext called 
----------------------------------------------------------------------------------------------------------------------------------------------------------------

Time : 10:26:41.4315 
Message : IntializedMerchantContext called 
----------------------------------------------------------------------------------------------------------------------------------------------------------------

Time : 10:26:42.0273 
Message : IntializedMerchantContext called 
----------------------------------------------------------------------------------------------------------------------------------------------------------------

Time : 10:26:42.1815 
Message : IntializedMerchantContext called 
----------------------------------------------------------------------------------------------------------------------------------------------------------------

Time : 10:28:35.3054 
Message : IntializedMerchantContext called 
----------------------------------------------------------------------------------------------------------------------------------------------------------------

Time : 10:28:35.3865 
Message : IntializedMerchantContext called 
----------------------------------------------------------------------------------------------------------------------------------------------------------------

Time : 10:28:44.0847 
Message : IntializedMerchantContext called 
----------------------------------------------------------------------------------------------------------------------------------------------------------------

Time : 10:29:28.4266 
Message : IntializedMerchantContext called 
----------------------------------------------------------------------------------------------------------------------------------------------------------------

Time : 10:29:28.4517 
Message : IntializedMerchantContext called 
----------------------------------------------------------------------------------------------------------------------------------------------------------------

Time : 10:46:16.1002 
Message : Application Started Login Controller 
----------------------------------------------------------------------------------------------------------------------------------------------------------------

Time : 10:46:29.4330 
Message : IntializedMerchantContext called 
----------------------------------------------------------------------------------------------------------------------------------------------------------------

Time : 10:46:29.4938 
Message : IntializedMerchantContext called 
----------------------------------------------------------------------------------------------------------------------------------------------------------------

Time : 10:46:29.5598 
Message : IntializedMerchantContext called 
----------------------------------------------------------------------------------------------------------------------------------------------------------------

Time : 10:46:30.0182 
Message : IntializedMerchantContext called 
----------------------------------------------------------------------------------------------------------------------------------------------------------------

Time : 10:46:30.1361 
Message : IntializedMerchantContext called 
----------------------------------------------------------------------------------------------------------------------------------------------------------------

Time : 10:58:26.0090 
Message : IntializedMerchantContext called 
----------------------------------------------------------------------------------------------------------------------------------------------------------------

Time : 10:58:26.0561 
Message : IntializedMerchantContext called 
----------------------------------------------------------------------------------------------------------------------------------------------------------------

Time : 11:01:19.3623 
Message : Application Started Login Controller 
----------------------------------------------------------------------------------------------------------------------------------------------------------------

Time : 11:01:27.9251 
Message : IntializedMerchantContext called 
----------------------------------------------------------------------------------------------------------------------------------------------------------------

Time : 11:01:28.0061 
Message : IntializedMerchantContext called 
----------------------------------------------------------------------------------------------------------------------------------------------------------------

Time : 11:01:28.0842 
Message : IntializedMerchantContext called 
----------------------------------------------------------------------------------------------------------------------------------------------------------------

Time : 11:01:28.7876 
Message : IntializedMerchantContext called 
----------------------------------------------------------------------------------------------------------------------------------------------------------------

Time : 11:01:28.9287 
Message : IntializedMerchantContext called 
----------------------------------------------------------------------------------------------------------------------------------------------------------------

Time : 11:18:31.1897 
Message : IntializedMerchantContext called 
----------------------------------------------------------------------------------------------------------------------------------------------------------------

Time : 11:18:31.2387 
Message : IntializedMerchantContext called 
----------------------------------------------------------------------------------------------------------------------------------------------------------------

Time : 11:19:34.5382 
Message : Application Started Login Controller 
----------------------------------------------------------------------------------------------------------------------------------------------------------------

Time : 11:19:51.4107 
Message : IntializedMerchantContext called 
----------------------------------------------------------------------------------------------------------------------------------------------------------------

Time : 11:19:51.4867 
Message : IntializedMerchantContext called 
----------------------------------------------------------------------------------------------------------------------------------------------------------------

Time : 11:19:51.5708 
Message : IntializedMerchantContext called 
----------------------------------------------------------------------------------------------------------------------------------------------------------------

Time : 11:19:52.0769 
Message : IntializedMerchantContext called 
----------------------------------------------------------------------------------------------------------------------------------------------------------------

Time : 11:19:52.2105 
Message : IntializedMerchantContext called 
----------------------------------------------------------------------------------------------------------------------------------------------------------------

Time : 11:19:55.3299 
Message : IntializedMerchantContext called 
----------------------------------------------------------------------------------------------------------------------------------------------------------------

Time : 11:19:55.3497 
Message : IntializedMerchantContext called 
----------------------------------------------------------------------------------------------------------------------------------------------------------------

Time : 11:28:20.0106 
Message : Application Started Login Controller 
----------------------------------------------------------------------------------------------------------------------------------------------------------------

Time : 11:28:20.3248 
Message : Application Loaded 
----------------------------------------------------------------------------------------------------------------------------------------------------------------

Time : 11:50:32.2962 
Message : Application Started Login Controller 
----------------------------------------------------------------------------------------------------------------------------------------------------------------

Time : 11:52:37.8113 
Message : Application Started Login Controller 
----------------------------------------------------------------------------------------------------------------------------------------------------------------

Time : 11:54:12.0518 
Message : Application Started Login Controller 
----------------------------------------------------------------------------------------------------------------------------------------------------------------

Time : 12:01:08.2623 
Message : Application Started Login Controller 
----------------------------------------------------------------------------------------------------------------------------------------------------------------

Time : 12:37:37.5140 
Message : Application Started Login Controller 
----------------------------------------------------------------------------------------------------------------------------------------------------------------

Time : 12:42:55.4647 
Message : Application Started Login Controller 
----------------------------------------------------------------------------------------------------------------------------------------------------------------

Time : 12:44:22.9294 
Message : Application Started Login Controller 
----------------------------------------------------------------------------------------------------------------------------------------------------------------

Time : 12:44:35.5882 
Message : IntializedMerchantContext called 
----------------------------------------------------------------------------------------------------------------------------------------------------------------

Time : 12:44:35.7003 
Message : IntializedMerchantContext called 
----------------------------------------------------------------------------------------------------------------------------------------------------------------

Time : 12:44:35.7763 
Message : IntializedMerchantContext called 
----------------------------------------------------------------------------------------------------------------------------------------------------------------

Time : 12:44:36.2673 
Message : IntializedMerchantContext called 
----------------------------------------------------------------------------------------------------------------------------------------------------------------

Time : 12:44:36.4296 
Message : IntializedMerchantContext called 
----------------------------------------------------------------------------------------------------------------------------------------------------------------

Time : 12:50:41.4561 
Message : IntializedMerchantContext called 
----------------------------------------------------------------------------------------------------------------------------------------------------------------

Time : 12:50:41.5270 
Message : IntializedMerchantContext called 
----------------------------------------------------------------------------------------------------------------------------------------------------------------

Time : 12:50:41.6030 
Message : IntializedMerchantContext called 
----------------------------------------------------------------------------------------------------------------------------------------------------------------

Time : 12:50:42.0938 
Message : IntializedMerchantContext called 
----------------------------------------------------------------------------------------------------------------------------------------------------------------

Time : 12:50:42.2239 
Message : IntializedMerchantContext called 
----------------------------------------------------------------------------------------------------------------------------------------------------------------

Time : 12:52:40.4978 
Message : Application Started Login Controller 
----------------------------------------------------------------------------------------------------------------------------------------------------------------

Time : 12:52:50.4967 
Message : IntializedMerchantContext called 
----------------------------------------------------------------------------------------------------------------------------------------------------------------

Time : 12:52:50.5607 
Message : IntializedMerchantContext called 
----------------------------------------------------------------------------------------------------------------------------------------------------------------

Time : 12:52:50.6438 
Message : IntializedMerchantContext called 
----------------------------------------------------------------------------------------------------------------------------------------------------------------

Time : 12:52:51.1360 
Message : IntializedMerchantContext called 
----------------------------------------------------------------------------------------------------------------------------------------------------------------

Time : 12:52:51.2718 
Message : IntializedMerchantContext called 
----------------------------------------------------------------------------------------------------------------------------------------------------------------

Time : 12:53:04.8373 
Message : IntializedMerchantContext called 
----------------------------------------------------------------------------------------------------------------------------------------------------------------

Time : 12:53:04.8577 
Message : IntializedMerchantContext called 
----------------------------------------------------------------------------------------------------------------------------------------------------------------

Time : 12:53:04.9237 
Message : IntializedMerchantContext called 
----------------------------------------------------------------------------------------------------------------------------------------------------------------

Time : 12:54:37.9209 
Message : Application Started Login Controller 
----------------------------------------------------------------------------------------------------------------------------------------------------------------

Time : 12:54:46.3390 
Message : IntializedMerchantContext called 
----------------------------------------------------------------------------------------------------------------------------------------------------------------

Time : 12:54:46.4101 
Message : IntializedMerchantContext called 
----------------------------------------------------------------------------------------------------------------------------------------------------------------

Time : 12:54:46.4861 
Message : IntializedMerchantContext called 
----------------------------------------------------------------------------------------------------------------------------------------------------------------

Time : 12:54:46.9821 
Message : IntializedMerchantContext called 
----------------------------------------------------------------------------------------------------------------------------------------------------------------

Time : 12:54:47.1256 
Message : IntializedMerchantContext called 
----------------------------------------------------------------------------------------------------------------------------------------------------------------

Time : 12:56:34.9950 
Message : Application Started Login Controller 
----------------------------------------------------------------------------------------------------------------------------------------------------------------

Time : 12:56:54.3059 
Message : IntializedMerchantContext called 
----------------------------------------------------------------------------------------------------------------------------------------------------------------

Time : 12:56:54.3703 
Message : IntializedMerchantContext called 
----------------------------------------------------------------------------------------------------------------------------------------------------------------

Time : 12:56:54.4474 
Message : IntializedMerchantContext called 
----------------------------------------------------------------------------------------------------------------------------------------------------------------

Time : 12:56:54.9079 
Message : IntializedMerchantContext called 
----------------------------------------------------------------------------------------------------------------------------------------------------------------

Time : 12:56:55.0414 
Message : IntializedMerchantContext called 
----------------------------------------------------------------------------------------------------------------------------------------------------------------

Time : 13:00:02.5295 
Message : Application Started Login Controller 
----------------------------------------------------------------------------------------------------------------------------------------------------------------

Time : 13:00:16.1400 
Message : IntializedMerchantContext called 
----------------------------------------------------------------------------------------------------------------------------------------------------------------

Time : 13:00:16.2101 
Message : IntializedMerchantContext called 
----------------------------------------------------------------------------------------------------------------------------------------------------------------

Time : 13:00:16.2771 
Message : IntializedMerchantContext called 
----------------------------------------------------------------------------------------------------------------------------------------------------------------

Time : 13:00:16.7742 
Message : IntializedMerchantContext called 
----------------------------------------------------------------------------------------------------------------------------------------------------------------

Time : 13:00:16.9020 
Message : IntializedMerchantContext called 
----------------------------------------------------------------------------------------------------------------------------------------------------------------

Time : 13:00:26.1163 
Message : IntializedMerchantContext called 
----------------------------------------------------------------------------------------------------------------------------------------------------------------

Time : 13:00:26.1493 
Message : IntializedMerchantContext called 
----------------------------------------------------------------------------------------------------------------------------------------------------------------

Time : 13:00:26.2098 
Message : IntializedMerchantContext called 
----------------------------------------------------------------------------------------------------------------------------------------------------------------

Time : 13:00:38.0221 
Message : IntializedMerchantContext called 
----------------------------------------------------------------------------------------------------------------------------------------------------------------

Time : 13:00:38.0447 
Message : IntializedMerchantContext called 
----------------------------------------------------------------------------------------------------------------------------------------------------------------

Time : 13:00:38.0807 
Message : IntializedMerchantContext called 
----------------------------------------------------------------------------------------------------------------------------------------------------------------

Time : 13:01:22.7969 
Message : Application Started Login Controller 
----------------------------------------------------------------------------------------------------------------------------------------------------------------

Time : 13:01:31.5723 
Message : IntializedMerchantContext called 
----------------------------------------------------------------------------------------------------------------------------------------------------------------

Time : 13:01:31.6503 
Message : IntializedMerchantContext called 
----------------------------------------------------------------------------------------------------------------------------------------------------------------

Time : 13:01:31.7244 
Message : IntializedMerchantContext called 
----------------------------------------------------------------------------------------------------------------------------------------------------------------

Time : 13:01:32.2457 
Message : IntializedMerchantContext called 
----------------------------------------------------------------------------------------------------------------------------------------------------------------

Time : 13:01:32.3958 
Message : IntializedMerchantContext called 
----------------------------------------------------------------------------------------------------------------------------------------------------------------

Time : 13:01:38.7743 
Message : IntializedMerchantContext called 
----------------------------------------------------------------------------------------------------------------------------------------------------------------

Time : 13:01:38.7983 
Message : IntializedMerchantContext called 
----------------------------------------------------------------------------------------------------------------------------------------------------------------

Time : 13:01:38.8623 
Message : IntializedMerchantContext called 
----------------------------------------------------------------------------------------------------------------------------------------------------------------

Time : 13:03:13.3827 
Message : IntializedMerchantContext called 
----------------------------------------------------------------------------------------------------------------------------------------------------------------

Time : 13:03:13.4603 
Message : IntializedMerchantContext called 
----------------------------------------------------------------------------------------------------------------------------------------------------------------

Time : 13:03:13.5384 
Message : IntializedMerchantContext called 
----------------------------------------------------------------------------------------------------------------------------------------------------------------

Time : 13:59:20.9951 
Message : Application Started Login Controller 
----------------------------------------------------------------------------------------------------------------------------------------------------------------

Time : 13:59:30.5733 
Message : IntializedMerchantContext called 
----------------------------------------------------------------------------------------------------------------------------------------------------------------

Time : 13:59:30.6504 
Message : IntializedMerchantContext called 
----------------------------------------------------------------------------------------------------------------------------------------------------------------

Time : 13:59:30.7434 
Message : IntializedMerchantContext called 
----------------------------------------------------------------------------------------------------------------------------------------------------------------

Time : 13:59:31.2385 
Message : IntializedMerchantContext called 
----------------------------------------------------------------------------------------------------------------------------------------------------------------

Time : 13:59:31.3906 
Message : IntializedMerchantContext called 
----------------------------------------------------------------------------------------------------------------------------------------------------------------

Time : 14:01:28.8057 
Message : Application Started Login Controller 
----------------------------------------------------------------------------------------------------------------------------------------------------------------

Time : 14:02:30.3689 
Message : IntializedMerchantContext called 
----------------------------------------------------------------------------------------------------------------------------------------------------------------

Time : 14:02:30.4273 
Message : IntializedMerchantContext called 
----------------------------------------------------------------------------------------------------------------------------------------------------------------

Time : 14:02:30.5023 
Message : IntializedMerchantContext called 
----------------------------------------------------------------------------------------------------------------------------------------------------------------

Time : 14:02:30.9845 
Message : IntializedMerchantContext called 
----------------------------------------------------------------------------------------------------------------------------------------------------------------

Time : 14:02:31.1140 
Message : IntializedMerchantContext called 
----------------------------------------------------------------------------------------------------------------------------------------------------------------

Time : 14:04:40.3305 
Message : Application Started Login Controller 
----------------------------------------------------------------------------------------------------------------------------------------------------------------

Time : 14:05:14.5276 
Message : IntializedMerchantContext called 
----------------------------------------------------------------------------------------------------------------------------------------------------------------

Time : 14:05:14.6282 
Message : IntializedMerchantContext called 
----------------------------------------------------------------------------------------------------------------------------------------------------------------

Time : 14:05:14.7123 
Message : IntializedMerchantContext called 
----------------------------------------------------------------------------------------------------------------------------------------------------------------

Time : 14:05:15.3478 
Message : IntializedMerchantContext called 
----------------------------------------------------------------------------------------------------------------------------------------------------------------

Time : 14:05:15.5256 
Message : IntializedMerchantContext called 
----------------------------------------------------------------------------------------------------------------------------------------------------------------

Time : 14:07:03.1687 
Message : Application Started Login Controller 
----------------------------------------------------------------------------------------------------------------------------------------------------------------

Time : 14:07:12.3470 
Message : IntializedMerchantContext called 
----------------------------------------------------------------------------------------------------------------------------------------------------------------

Time : 14:07:12.4269 
Message : IntializedMerchantContext called 
----------------------------------------------------------------------------------------------------------------------------------------------------------------

Time : 14:07:12.5190 
Message : IntializedMerchantContext called 
----------------------------------------------------------------------------------------------------------------------------------------------------------------

Time : 14:07:13.1018 
Message : IntializedMerchantContext called 
----------------------------------------------------------------------------------------------------------------------------------------------------------------

Time : 14:07:13.2502 
Message : IntializedMerchantContext called 
----------------------------------------------------------------------------------------------------------------------------------------------------------------

Time : 14:07:25.6373 
Message : IntializedMerchantContext called 
----------------------------------------------------------------------------------------------------------------------------------------------------------------

Time : 14:07:25.7557 
Message : IntializedMerchantContext called 
----------------------------------------------------------------------------------------------------------------------------------------------------------------

Time : 14:07:32.6870 
Message : IntializedMerchantContext called 
----------------------------------------------------------------------------------------------------------------------------------------------------------------

Time : 14:07:32.7141 
Message : IntializedMerchantContext called 
----------------------------------------------------------------------------------------------------------------------------------------------------------------

Time : 14:07:32.7982 
Message : IntializedMerchantContext called 
----------------------------------------------------------------------------------------------------------------------------------------------------------------

Time : 14:17:43.7889 
Message : Application Started Login Controller 
----------------------------------------------------------------------------------------------------------------------------------------------------------------

Time : 14:17:53.4503 
Message : IntializedMerchantContext called 
----------------------------------------------------------------------------------------------------------------------------------------------------------------

Time : 14:17:53.5364 
Message : IntializedMerchantContext called 
----------------------------------------------------------------------------------------------------------------------------------------------------------------

Time : 14:17:53.6314 
Message : IntializedMerchantContext called 
----------------------------------------------------------------------------------------------------------------------------------------------------------------

Time : 14:17:54.1837 
Message : IntializedMerchantContext called 
----------------------------------------------------------------------------------------------------------------------------------------------------------------

Time : 14:17:54.3320 
Message : IntializedMerchantContext called 
----------------------------------------------------------------------------------------------------------------------------------------------------------------

Time : 14:18:16.4698 
Message : IntializedMerchantContext called 
----------------------------------------------------------------------------------------------------------------------------------------------------------------

Time : 14:18:16.4988 
Message : IntializedMerchantContext called 
----------------------------------------------------------------------------------------------------------------------------------------------------------------

Time : 14:18:16.5909 
Message : IntializedMerchantContext called 
----------------------------------------------------------------------------------------------------------------------------------------------------------------

Time : 14:19:32.9249 
Message : Application Started Login Controller 
----------------------------------------------------------------------------------------------------------------------------------------------------------------

Time : 14:19:41.3971 
Message : IntializedMerchantContext called 
----------------------------------------------------------------------------------------------------------------------------------------------------------------

Time : 14:19:41.4777 
Message : IntializedMerchantContext called 
----------------------------------------------------------------------------------------------------------------------------------------------------------------

Time : 14:19:41.5667 
Message : IntializedMerchantContext called 
----------------------------------------------------------------------------------------------------------------------------------------------------------------

Time : 14:19:42.1431 
Message : IntializedMerchantContext called 
----------------------------------------------------------------------------------------------------------------------------------------------------------------

Time : 14:19:42.2832 
Message : IntializedMerchantContext called 
----------------------------------------------------------------------------------------------------------------------------------------------------------------

Time : 14:19:50.4616 
Message : IntializedMerchantContext called 
----------------------------------------------------------------------------------------------------------------------------------------------------------------

Time : 14:19:50.4896 
Message : IntializedMerchantContext called 
----------------------------------------------------------------------------------------------------------------------------------------------------------------

Time : 14:19:50.5767 
Message : IntializedMerchantContext called 
----------------------------------------------------------------------------------------------------------------------------------------------------------------

Time : 14:30:18.6223 
Message : Application Started Login Controller 
----------------------------------------------------------------------------------------------------------------------------------------------------------------

Time : 14:36:01.9704 
Message : IntializedMerchantContext called 
----------------------------------------------------------------------------------------------------------------------------------------------------------------

Time : 14:36:02.1214 
Message : IntializedMerchantContext called 
----------------------------------------------------------------------------------------------------------------------------------------------------------------

Time : 14:36:02.1905 
Message : IntializedMerchantContext called 
----------------------------------------------------------------------------------------------------------------------------------------------------------------

Time : 14:36:02.7426 
Message : IntializedMerchantContext called 
----------------------------------------------------------------------------------------------------------------------------------------------------------------

Time : 14:36:02.8826 
Message : IntializedMerchantContext called 
----------------------------------------------------------------------------------------------------------------------------------------------------------------

Time : 14:45:19.8910 
Message : Application Started Login Controller 
----------------------------------------------------------------------------------------------------------------------------------------------------------------

Time : 14:45:38.6292 
Message : IntializedMerchantContext called 
----------------------------------------------------------------------------------------------------------------------------------------------------------------

Time : 14:45:38.6983 
Message : IntializedMerchantContext called 
----------------------------------------------------------------------------------------------------------------------------------------------------------------

Time : 14:45:38.7793 
Message : IntializedMerchantContext called 
----------------------------------------------------------------------------------------------------------------------------------------------------------------

Time : 14:48:08.0588 
Message : Application Started Login Controller 
----------------------------------------------------------------------------------------------------------------------------------------------------------------

Time : 14:48:24.3953 
Message : IntializedMerchantContext called 
----------------------------------------------------------------------------------------------------------------------------------------------------------------

Time : 14:48:24.4724 
Message : IntializedMerchantContext called 
----------------------------------------------------------------------------------------------------------------------------------------------------------------

Time : 14:48:24.5555 
Message : IntializedMerchantContext called 
----------------------------------------------------------------------------------------------------------------------------------------------------------------

Time : 14:54:24.1955 
Message : Application Started Login Controller 
----------------------------------------------------------------------------------------------------------------------------------------------------------------

Time : 14:54:24.5778 
Message : Application Loaded 
----------------------------------------------------------------------------------------------------------------------------------------------------------------

Time : 14:54:30.5238 
Message : IntializedMerchantContext called 
----------------------------------------------------------------------------------------------------------------------------------------------------------------

Time : 14:54:40.3625 
Message : IntializedMerchantContext called 
----------------------------------------------------------------------------------------------------------------------------------------------------------------

Time : 14:54:40.4326 
Message : IntializedMerchantContext called 
----------------------------------------------------------------------------------------------------------------------------------------------------------------

Time : 14:54:40.5517 
Message : IntializedMerchantContext called 
----------------------------------------------------------------------------------------------------------------------------------------------------------------

Time : 14:55:15.0236 
Message : IntializedMerchantContext called 
----------------------------------------------------------------------------------------------------------------------------------------------------------------

Time : 14:55:15.1649 
Message : IntializedMerchantContext called 
----------------------------------------------------------------------------------------------------------------------------------------------------------------

Time : 14:55:49.9624 
Message : IntializedMerchantContext called 
----------------------------------------------------------------------------------------------------------------------------------------------------------------

Time : 14:55:50.0077 
Message : IntializedMerchantContext called 
----------------------------------------------------------------------------------------------------------------------------------------------------------------

Time : 15:03:45.5994 
Message : Application Started Login Controller 
----------------------------------------------------------------------------------------------------------------------------------------------------------------

Time : 15:03:59.4427 
Message : IntializedMerchantContext called 
----------------------------------------------------------------------------------------------------------------------------------------------------------------

Time : 15:03:59.5327 
Message : IntializedMerchantContext called 
----------------------------------------------------------------------------------------------------------------------------------------------------------------

Time : 15:03:59.6238 
Message : IntializedMerchantContext called 
----------------------------------------------------------------------------------------------------------------------------------------------------------------

