Time : 11:44:16.0220 
Message :    at System.Data.Entity.Core.EntityClient.Internal.EntityCommandDefinition.ExecuteStoreCommands(EntityCommand entityCommand, CommandBehavior behavior)
   at System.Data.Entity.Core.Objects.Internal.ObjectQueryExecutionPlan.Execute[TResultType](ObjectContext context, ObjectParameterCollection parameterValues)
   at System.Data.Entity.Core.Objects.ObjectQuery`1.<>c__DisplayClass7.<GetResults>b__6()
   at System.Data.Entity.Core.Objects.ObjectContext.ExecuteInTransaction[T](Func`1 func, IDbExecutionStrategy executionStrategy, Boolean startLocalTransaction, Boolean releaseConnectionOnSuccess)
   at System.Data.Entity.Core.Objects.ObjectQuery`1.<>c__DisplayClass7.<GetResults>b__5()
   at System.Data.Entity.SqlServer.DefaultSqlExecutionStrategy.Execute[TResult](Func`1 operation)
   at System.Data.Entity.Core.Objects.ObjectQuery`1.GetResults(Nullable`1 forMergeOption)
   at System.Data.Entity.Core.Objects.ObjectQuery`1.Execute(MergeOption mergeOption)
   at System.Data.Entity.Core.Objects.DataClasses.EntityReference`1.Load(MergeOption mergeOption)
   at System.Data.Entity.Core.Objects.DataClasses.RelatedEnd.DeferredLoad()
   at System.Data.Entity.Core.Objects.Internal.LazyLoadBehavior.LoadProperty[TItem](TItem propertyValue, String relationshipName, String targetRoleName, Boolean mustBeNull, Object wrapperObject)
   at System.Data.Entity.Core.Objects.Internal.LazyLoadBehavior.<>c__DisplayClass7`2.<GetInterceptorDelegate>b__2(TProxy proxy, TItem item)
   at System.Data.Entity.DynamicProxies.UserDetail_09D7FBD85B8BC302FB413F47390A52D0AE5367A18AED204D8C219BB8637BF83A.get_Role()
   at MerchantService.Repository.Modules.Admin.UserDetailRepository.<>c.<GetUserList>b__9_2(UserDetail x) in D:\MerchantService\Source\MerchantService.Web\MerchantService.Repository\Modules\Admin\User\UserDetailRepository.cs:line 142
   at System.Collections.Generic.List`1.ForEach(Action`1 action)
   at MerchantService.Repository.Modules.Admin.UserDetailRepository.GetUserList(String userName) in D:\MerchantService\Source\MerchantService.Web\MerchantService.Repository\Modules\Admin\User\UserDetailRepository.cs:line 151
   at MerchantService.Core.Controllers.Admin.UserDetailController.GetUserList() in D:\MerchantService\Source\MerchantService.Web\MerchantService.Core\Controllers\Admin\UserDetailController.cs:line 121
   at lambda_method(Closure , Object , Object[] )
   at System.Web.Http.Controllers.ReflectedHttpActionDescriptor.ActionExecutor.<>c__DisplayClass10.<GetExecutor>b__9(Object instance, Object[] methodParameters)
   at System.Web.Http.Controllers.ReflectedHttpActionDescriptor.ActionExecutor.Execute(Object instance, Object[] arguments)
   at System.Web.Http.Controllers.ReflectedHttpActionDescriptor.ExecuteAsync(HttpControllerContext controllerContext, IDictionary`2 arguments, CancellationToken cancellationToken)
--- End of stack trace from previous location where exception was thrown ---
   at System.Runtime.CompilerServices.TaskAwaiter.ThrowForNonSuccess(Task task)
   at System.Runtime.CompilerServices.TaskAwaiter.HandleNonSuccessAndDebuggerNotification(Task task)
   at System.Web.Http.Controllers.ApiControllerActionInvoker.<InvokeActionAsyncCore>d__0.MoveNext()
--- End of stack trace from previous location where exception was thrown ---
   at System.Runtime.CompilerServices.TaskAwaiter.ThrowForNonSuccess(Task task)
   at System.Runtime.CompilerServices.TaskAwaiter.HandleNonSuccessAndDebuggerNotification(Task task)
   at System.Web.Http.Controllers.ActionFilterResult.<ExecuteAsync>d__2.MoveNext()
--- End of stack trace from previous location where exception was thrown ---
   at System.Runtime.CompilerServices.TaskAwaiter.ThrowForNonSuccess(Task task)
   at System.Runtime.CompilerServices.TaskAwaiter.HandleNonSuccessAndDebuggerNotification(Task task)
   at System.Web.Http.Controllers.ExceptionFilterResult.<ExecuteAsync>d__0.MoveNext() 
----------------------------------------------------------------------------------------------------------------------------------------------------------------

